2025-05-17 17:16:08.421 WARNING (MainThread) [homeassistant.bootstrap] Skipping pip installation of required modules. This may cause issues
2025-05-17 17:16:08.423 WARNING (SyncWorker_0) [homeassistant.loader] We found a custom integration uk_bin_collection which has not been tested by Home Assistant. This component might cause stability problems, be sure to disable it if you experience issues with Home Assistant
2025-05-17 17:16:08.728 WARNING (MainThread) [aiohttp_fast_zlib] zlib_ng and isal are not available, falling back to zlib, performance will be degraded.
2025-05-17 17:16:08.803 INFO (MainThread) [homeassistant.setup] Setup of domain system_log took 0.08 seconds
2025-05-17 17:16:08.803 INFO (MainThread) [homeassistant.setup] Setup of domain http took 0.08 seconds
2025-05-17 17:16:08.803 INFO (MainThread) [homeassistant.setup] Setup of domain logger took 0.08 seconds
2025-05-17 17:16:08.804 INFO (MainThread) [homeassistant.setup] Setting up websocket_api
2025-05-17 17:16:08.804 INFO (MainThread) [homeassistant.setup] Setup of domain websocket_api took 0.00 seconds
2025-05-17 17:16:08.804 INFO (MainThread) [homeassistant.setup] Setting up network
2025-05-17 17:16:08.805 INFO (MainThread) [homeassistant.setup] Setup of domain network took 0.00 seconds
2025-05-17 17:16:08.805 INFO (MainThread) [homeassistant.bootstrap] Setting up stage frontend: {'frontend'} | set()
Dependencies: {'diagnostics', 'lovelace', 'onboarding', 'api', 'device_automation', 'repairs', 'file_upload', 'config', 'auth', 'search'} | {'system_log', 'http', 'websocket_api'}
2025-05-17 17:16:08.805 INFO (MainThread) [homeassistant.setup] Setting up diagnostics
2025-05-17 17:16:08.805 INFO (MainThread) [homeassistant.setup] Setup of domain diagnostics took 0.00 seconds
2025-05-17 17:16:08.806 INFO (MainThread) [homeassistant.setup] Setting up auth
2025-05-17 17:16:08.806 INFO (MainThread) [homeassistant.setup] Setup of domain auth took 0.00 seconds
2025-05-17 17:16:08.806 INFO (MainThread) [homeassistant.setup] Setting up onboarding
2025-05-17 17:16:08.806 INFO (MainThread) [homeassistant.setup] Setup of domain onboarding took 0.00 seconds
2025-05-17 17:16:08.806 INFO (MainThread) [homeassistant.setup] Setting up lovelace
2025-05-17 17:16:08.807 INFO (MainThread) [homeassistant.setup] Setting up api
2025-05-17 17:16:08.808 INFO (MainThread) [homeassistant.setup] Setup of domain api took 0.00 seconds
2025-05-17 17:16:08.808 INFO (MainThread) [homeassistant.setup] Setting up device_automation
2025-05-17 17:16:08.808 INFO (MainThread) [homeassistant.setup] Setup of domain device_automation took 0.00 seconds
2025-05-17 17:16:08.808 INFO (MainThread) [homeassistant.setup] Setting up config
2025-05-17 17:16:08.809 INFO (MainThread) [homeassistant.setup] Setup of domain config took 0.00 seconds
2025-05-17 17:16:08.809 INFO (MainThread) [homeassistant.setup] Setting up file_upload
2025-05-17 17:16:08.809 INFO (MainThread) [homeassistant.setup] Setup of domain file_upload took 0.00 seconds
2025-05-17 17:16:08.809 INFO (MainThread) [homeassistant.setup] Setting up repairs
2025-05-17 17:16:08.809 INFO (MainThread) [homeassistant.setup] Setup of domain repairs took 0.00 seconds
2025-05-17 17:16:08.809 INFO (MainThread) [homeassistant.setup] Setting up search
2025-05-17 17:16:08.809 INFO (MainThread) [homeassistant.setup] Setup of domain search took 0.00 seconds
2025-05-17 17:16:08.810 INFO (MainThread) [homeassistant.setup] Setup of domain lovelace took 0.00 seconds
2025-05-17 17:16:08.810 INFO (MainThread) [homeassistant.setup] Setting up frontend
2025-05-17 17:16:08.812 INFO (MainThread) [homeassistant.setup] Setup of domain frontend took 0.00 seconds
2025-05-17 17:16:08.812 INFO (MainThread) [homeassistant.bootstrap] Setting up stage recorder: {'recorder'} | set()
Dependencies: set() | set()
2025-05-17 17:16:08.812 INFO (MainThread) [homeassistant.setup] Setting up recorder
2025-05-17 17:16:08.814 INFO (MainThread) [homeassistant.components.http] Now listening on port 8123
2025-05-17 17:16:08.814 INFO (MainThread) [homeassistant.setup] Setup of domain http took 0.00 seconds
2025-05-17 17:16:08.815 WARNING (Recorder) [homeassistant.components.recorder.util] The system could not validate that the sqlite3 database at //Users/davidamor/GitHub/homeassistant-debug/config/home-assistant_v2.db was shutdown cleanly
2025-05-17 17:16:08.833 WARNING (Recorder) [homeassistant.components.recorder.util] Ended unfinished session (id=437 from 2025-05-17 16:10:14.152111)
2025-05-17 17:16:08.839 INFO (MainThread) [homeassistant.setup] Setup of domain recorder took 0.03 seconds
2025-05-17 17:16:08.839 INFO (MainThread) [homeassistant.bootstrap] Nothing to set up in stage debugger: {'debugpy'}
2025-05-17 17:16:08.839 INFO (MainThread) [homeassistant.bootstrap] Setting up stage zeroconf: {'zeroconf'} | set()
Dependencies: set() | {'api', 'http', 'websocket_api', 'network'}
2025-05-17 17:16:08.839 INFO (MainThread) [homeassistant.setup] Setting up zeroconf
2025-05-17 17:16:08.841 INFO (MainThread) [homeassistant.components.zeroconf] Starting Zeroconf broadcast
2025-05-17 17:16:08.841 INFO (MainThread) [homeassistant.setup] Setup of domain zeroconf took 0.00 seconds
2025-05-17 17:16:08.841 INFO (MainThread) [homeassistant.bootstrap] Setting up stage 1: {'bluetooth', 'dhcp', 'usb', 'cloud', 'ssdp'} | set()
Dependencies: {'wake_word', 'tts', 'ffmpeg', 'backup', 'stt', 'conversation', 'assist_pipeline', 'intent', 'webhook'} | {'http', 'repairs', 'websocket_api', 'network', 'auth'}
2025-05-17 17:16:08.841 INFO (MainThread) [homeassistant.setup] Setting up backup
2025-05-17 17:16:08.842 INFO (MainThread) [homeassistant.setup] Setting up webhook
2025-05-17 17:16:08.842 INFO (MainThread) [homeassistant.setup] Setup of domain webhook took 0.00 seconds
2025-05-17 17:16:08.843 INFO (MainThread) [homeassistant.setup] Setup of domain backup took 0.00 seconds
2025-05-17 17:16:08.845 INFO (MainThread) [homeassistant.setup] Setting up wake_word
2025-05-17 17:16:08.846 INFO (MainThread) [homeassistant.setup] Setup of domain wake_word took 0.00 seconds
2025-05-17 17:16:08.848 INFO (MainThread) [homeassistant.setup] Setting up ffmpeg
2025-05-17 17:16:08.854 ERROR (MainThread) [haffmpeg.core] FFmpeg fails [Errno 2] No such file or directory: 'ffmpeg'
Traceback (most recent call last):
  File "/Users/davidamor/GitHub/homeassistant-debug/.venv/lib/python3.13/site-packages/haffmpeg/core.py", line 130, in open
    self._proc = await asyncio.create_subprocess_exec(
                 ^^^^^^^^^^^^^^^^^^^^^^^^^^^^^^^^^^^^^
    ...<6 lines>...
    )
    ^
  File "/opt/homebrew/Cellar/python@3.13/3.13.3/Frameworks/Python.framework/Versions/3.13/lib/python3.13/asyncio/subprocess.py", line 224, in create_subprocess_exec
    transport, protocol = await loop.subprocess_exec(
                          ^^^^^^^^^^^^^^^^^^^^^^^^^^^
    ...<3 lines>...
        stderr=stderr, **kwds)
        ^^^^^^^^^^^^^^^^^^^^^^
  File "/opt/homebrew/Cellar/python@3.13/3.13.3/Frameworks/Python.framework/Versions/3.13/lib/python3.13/asyncio/base_events.py", line 1788, in subprocess_exec
    transport = await self._make_subprocess_transport(
                ^^^^^^^^^^^^^^^^^^^^^^^^^^^^^^^^^^^^^^
        protocol, popen_args, False, stdin, stdout, stderr,
        ^^^^^^^^^^^^^^^^^^^^^^^^^^^^^^^^^^^^^^^^^^^^^^^^^^^
        bufsize, **kwargs)
        ^^^^^^^^^^^^^^^^^^
  File "/opt/homebrew/Cellar/python@3.13/3.13.3/Frameworks/Python.framework/Versions/3.13/lib/python3.13/asyncio/unix_events.py", line 213, in _make_subprocess_transport
    transp = _UnixSubprocessTransport(self, protocol, args, shell,
                                    stdin, stdout, stderr, bufsize,
                                    waiter=waiter, extra=extra,
                                    **kwargs)
  File "/opt/homebrew/Cellar/python@3.13/3.13.3/Frameworks/Python.framework/Versions/3.13/lib/python3.13/asyncio/base_subprocess.py", line 39, in __init__
    self._start(args=args, shell=shell, stdin=stdin, stdout=stdout,
    ~~~~~~~~~~~^^^^^^^^^^^^^^^^^^^^^^^^^^^^^^^^^^^^^^^^^^^^^^^^^^^^
                stderr=stderr, bufsize=bufsize, **kwargs)
                ^^^^^^^^^^^^^^^^^^^^^^^^^^^^^^^^^^^^^^^^^
  File "/opt/homebrew/Cellar/python@3.13/3.13.3/Frameworks/Python.framework/Versions/3.13/lib/python3.13/asyncio/unix_events.py", line 855, in _start
    self._proc = subprocess.Popen(
                 ~~~~~~~~~~~~~~~~^
        args, shell=shell, stdin=stdin, stdout=stdout, stderr=stderr,
        ^^^^^^^^^^^^^^^^^^^^^^^^^^^^^^^^^^^^^^^^^^^^^^^^^^^^^^^^^^^^^
        universal_newlines=False, bufsize=bufsize, **kwargs)
        ^^^^^^^^^^^^^^^^^^^^^^^^^^^^^^^^^^^^^^^^^^^^^^^^^^^^
  File "/opt/homebrew/Cellar/python@3.13/3.13.3/Frameworks/Python.framework/Versions/3.13/lib/python3.13/subprocess.py", line 1039, in __init__
    self._execute_child(args, executable, preexec_fn, close_fds,
    ~~~~~~~~~~~~~~~~~~~^^^^^^^^^^^^^^^^^^^^^^^^^^^^^^^^^^^^^^^^^
                        pass_fds, cwd, env,
                        ^^^^^^^^^^^^^^^^^^^
    ...<5 lines>...
                        gid, gids, uid, umask,
                        ^^^^^^^^^^^^^^^^^^^^^^
                        start_new_session, process_group)
                        ^^^^^^^^^^^^^^^^^^^^^^^^^^^^^^^^^
  File "/opt/homebrew/Cellar/python@3.13/3.13.3/Frameworks/Python.framework/Versions/3.13/lib/python3.13/subprocess.py", line 1969, in _execute_child
    raise child_exception_type(errno_num, err_msg, err_filename)
FileNotFoundError: [Errno 2] No such file or directory: 'ffmpeg'
2025-05-17 17:16:08.868 WARNING (MainThread) [haffmpeg.tools] Error starting FFmpeg.
2025-05-17 17:16:08.868 INFO (MainThread) [homeassistant.setup] Setup of domain ffmpeg took 0.02 seconds
2025-05-17 17:16:08.868 INFO (MainThread) [homeassistant.setup] Setting up stt
2025-05-17 17:16:08.869 INFO (MainThread) [homeassistant.setup] Setup of domain stt took 0.00 seconds
2025-05-17 17:16:08.871 INFO (MainThread) [homeassistant.setup] Setting up intent
2025-05-17 17:16:08.871 INFO (MainThread) [homeassistant.setup] Setup of domain intent took 0.00 seconds
2025-05-17 17:16:08.880 INFO (MainThread) [homeassistant.setup] Setting up usb
2025-05-17 17:16:08.880 INFO (MainThread) [homeassistant.components.usb] Falling back to periodic filesystem polling for development, aiousbwatcher is not available on this system: Inotify not available on this platform
2025-05-17 17:16:08.880 INFO (MainThread) [homeassistant.setup] Setup of domain usb took 0.00 seconds
2025-05-17 17:16:08.932 INFO (MainThread) [homeassistant.setup] Setting up dhcp
2025-05-17 17:16:08.933 INFO (MainThread) [homeassistant.setup] Setup of domain dhcp took 0.00 seconds
2025-05-17 17:16:08.956 INFO (MainThread) [homeassistant.setup] Setting up ssdp
2025-05-17 17:16:08.963 INFO (MainThread) [homeassistant.setup] Setup of domain ssdp took 0.01 seconds
2025-05-17 17:16:08.983 INFO (MainThread) [homeassistant.setup] Setting up tts
2025-05-17 17:16:08.985 INFO (MainThread) [homeassistant.setup] Setup of domain tts took 0.00 seconds
2025-05-17 17:16:09.020 INFO (MainThread) [homeassistant.setup] Setting up conversation
2025-05-17 17:16:09.040 INFO (MainThread) [homeassistant.setup] Setup of domain conversation took 0.02 seconds
2025-05-17 17:16:09.040 INFO (MainThread) [homeassistant.setup] Setting up assist_pipeline
2025-05-17 17:16:09.041 INFO (MainThread) [homeassistant.setup] Setup of domain assist_pipeline took 0.00 seconds
2025-05-17 17:16:09.091 INFO (MainThread) [homeassistant.setup] Setting up bluetooth
2025-05-17 17:16:09.092 INFO (MainThread) [homeassistant.setup] Setup of domain bluetooth took 0.00 seconds
2025-05-17 17:16:09.094 INFO (MainThread) [homeassistant.setup] Setting up sensor
2025-05-17 17:16:09.094 INFO (MainThread) [homeassistant.setup] Setup of domain sensor took 0.00 seconds
2025-05-17 17:16:09.094 INFO (MainThread) [homeassistant.components.sensor] Setting up backup.sensor
2025-05-17 17:16:09.214 ERROR (ImportExecutor_0) [homeassistant.components.camera.img_util] Error loading libturbojpeg; Camera snapshot performance will be sub-optimal
Traceback (most recent call last):
  File "/Users/davidamor/GitHub/homeassistant-debug/.venv/lib/python3.13/site-packages/homeassistant/components/camera/img_util.py", line 93, in __init__
    TurboJPEGSingleton.__instance = TurboJPEG()
                                    ~~~~~~~~~^^
  File "/Users/davidamor/GitHub/homeassistant-debug/.venv/lib/python3.13/site-packages/turbojpeg.py", line 300, in __init__
    self.__find_turbojpeg() if lib_path is None else lib_path)
    ~~~~~~~~~~~~~~~~~~~~~^^
  File "/Users/davidamor/GitHub/homeassistant-debug/.venv/lib/python3.13/site-packages/turbojpeg.py", line 967, in __find_turbojpeg
    raise RuntimeError(
    ...<2 lines>...
        'e.g. jpeg = TurboJPEG(lib_path)')
RuntimeError: Unable to locate turbojpeg library automatically. You may specify the turbojpeg library path manually.
e.g. jpeg = TurboJPEG(lib_path)
2025-05-17 17:16:09.249 INFO (MainThread) [homeassistant.setup] Setting up cloud
2025-05-17 17:16:09.251 INFO (MainThread) [homeassistant.setup] Setup of domain cloud took 0.00 seconds
2025-05-17 17:16:09.251 INFO (MainThread) [homeassistant.bootstrap] Setting up stage 2: {'automation', 'system_health', 'counter', 'uk_bin_collection', 'input_datetime', 'input_button', 'script', 'scene', 'schedule', 'analytics', 'input_number', 'timer', 'default_config', 'sun', 'input_text', 'zone', 'input_select', 'tag', 'application_credentials', 'input_boolean', 'hardware', 'person'} | {'backup', 'logger', 'frontend', 'network'}
Dependencies: {'go2rtc', 'image_upload', 'stream', 'blueprint', 'my', 'trace', 'homeassistant_alerts', 'energy', 'logbook', 'mobile_app', 'history', 'camera', 'media_source'} | {'tts', 'onboarding', 'bluetooth', 'http', 'webhook', 'usb', 'repairs', 'config', 'ssdp', 'device_automation', 'websocket_api', 'cloud', 'network', 'auth', 'wake_word', 'system_log', 'lovelace', 'ffmpeg', 'zeroconf', 'conversation', 'assist_pipeline', 'diagnostics', 'api', 'stt', 'backup', 'frontend', 'recorder', 'file_upload', 'intent', 'dhcp', 'search'}
2025-05-17 17:16:09.251 INFO (MainThread) [homeassistant.setup] Setting up camera
2025-05-17 17:16:09.252 INFO (MainThread) [homeassistant.setup] Setup of domain camera took 0.00 seconds
2025-05-17 17:16:09.252 INFO (MainThread) [homeassistant.setup] Setting up scene
2025-05-17 17:16:09.252 INFO (MainThread) [homeassistant.setup] Setup of domain scene took 0.00 seconds
2025-05-17 17:16:09.252 INFO (MainThread) [homeassistant.setup] Setting up blueprint
2025-05-17 17:16:09.252 INFO (MainThread) [homeassistant.setup] Setup of domain blueprint took 0.00 seconds
2025-05-17 17:16:09.252 INFO (MainThread) [homeassistant.setup] Setting up trace
2025-05-17 17:16:09.252 INFO (MainThread) [homeassistant.setup] Setup of domain trace took 0.00 seconds
2025-05-17 17:16:09.252 INFO (MainThread) [homeassistant.setup] Setting up automation
2025-05-17 17:16:09.252 INFO (MainThread) [homeassistant.setup] Setup of domain automation took 0.00 seconds
2025-05-17 17:16:09.253 INFO (MainThread) [homeassistant.setup] Setting up timer
2025-05-17 17:16:09.253 INFO (MainThread) [homeassistant.setup] Setup of domain timer took 0.00 seconds
2025-05-17 17:16:09.253 INFO (MainThread) [homeassistant.setup] Setting up image_upload
2025-05-17 17:16:09.253 INFO (MainThread) [homeassistant.setup] Setup of domain image_upload took 0.00 seconds
2025-05-17 17:16:09.253 INFO (MainThread) [homeassistant.setup] Setting up stream
2025-05-17 17:16:09.253 INFO (MainThread) [homeassistant.setup] Setting up system_health
2025-05-17 17:16:09.254 INFO (MainThread) [homeassistant.setup] Setup of domain system_health took 0.00 seconds
2025-05-17 17:16:09.254 INFO (MainThread) [homeassistant.setup] Setting up history
2025-05-17 17:16:09.254 INFO (MainThread) [homeassistant.setup] Setup of domain history took 0.00 seconds
2025-05-17 17:16:09.254 INFO (MainThread) [homeassistant.setup] Setting up logbook
2025-05-17 17:16:09.254 INFO (MainThread) [homeassistant.setup] Setup of domain logbook took 0.00 seconds
2025-05-17 17:16:09.254 INFO (MainThread) [homeassistant.setup] Setting up media_source
2025-05-17 17:16:09.255 INFO (MainThread) [homeassistant.setup] Setup of domain media_source took 0.00 seconds
2025-05-17 17:16:09.255 INFO (MainThread) [homeassistant.setup] Setting up person
2025-05-17 17:16:09.255 INFO (MainThread) [homeassistant.setup] Setting up zone
2025-05-17 17:16:09.255 INFO (MainThread) [homeassistant.setup] Setup of domain zone took 0.00 seconds
2025-05-17 17:16:09.256 INFO (MainThread) [homeassistant.setup] Setting up input_select
2025-05-17 17:16:09.256 INFO (MainThread) [homeassistant.setup] Setup of domain input_select took 0.00 seconds
2025-05-17 17:16:09.256 INFO (MainThread) [homeassistant.setup] Setting up input_button
2025-05-17 17:16:09.256 INFO (MainThread) [homeassistant.setup] Setup of domain input_button took 0.00 seconds
2025-05-17 17:16:09.256 INFO (MainThread) [homeassistant.setup] Setting up script
2025-05-17 17:16:09.257 INFO (MainThread) [homeassistant.setup] Setup of domain script took 0.00 seconds
2025-05-17 17:16:09.257 INFO (MainThread) [homeassistant.setup] Setting up input_boolean
2025-05-17 17:16:09.257 INFO (MainThread) [homeassistant.setup] Setup of domain input_boolean took 0.00 seconds
2025-05-17 17:16:09.257 INFO (MainThread) [homeassistant.setup] Setting up input_number
2025-05-17 17:16:09.257 INFO (MainThread) [homeassistant.setup] Setup of domain input_number took 0.00 seconds
2025-05-17 17:16:09.258 INFO (MainThread) [homeassistant.setup] Setup of domain person took 0.00 seconds
2025-05-17 17:16:09.259 INFO (MainThread) [homeassistant.components.scene] Setting up homeassistant.scene
2025-05-17 17:16:09.286 INFO (MainThread) [homeassistant.setup] Setting up homeassistant_alerts
2025-05-17 17:16:09.286 INFO (MainThread) [homeassistant.setup] Setup of domain homeassistant_alerts took 0.00 seconds
2025-05-17 17:16:09.295 INFO (MainThread) [homeassistant.setup] Setting up counter
2025-05-17 17:16:09.295 INFO (MainThread) [homeassistant.setup] Setup of domain counter took 0.00 seconds
2025-05-17 17:16:09.348 INFO (MainThread) [homeassistant.setup] Setting up energy
2025-05-17 17:16:09.349 INFO (MainThread) [homeassistant.setup] Setup of domain energy took 0.00 seconds
2025-05-17 17:16:09.371 INFO (MainThread) [homeassistant.setup] Setup of domain stream took 0.12 seconds
2025-05-17 17:16:09.783 INFO (MainThread) [homeassistant.setup] Setting up uk_bin_collection
2025-05-17 17:16:09.784 DEBUG (MainThread) [custom_components.uk_bin_collection] [UKBinCollection] async_setup called with config: {'default_config': {}, 'logger': {'default': 'info', 'logs': {'custom_components.uk_bin_collection': 'debug'}}, 'uk_bin_collection': []}
2025-05-17 17:16:09.784 DEBUG (MainThread) [custom_components.uk_bin_collection] [UKBinCollection] hass.data[DOMAIN] initialized: {}
2025-05-17 17:16:09.784 DEBUG (MainThread) [custom_components.uk_bin_collection] [UKBinCollection] Registering manual_refresh service
2025-05-17 17:16:09.784 DEBUG (MainThread) [custom_components.uk_bin_collection] [UKBinCollection] manual_refresh service registered successfully
2025-05-17 17:16:09.784 INFO (MainThread) [custom_components.uk_bin_collection] [UKBinCollection] async_setup completed without errors.
2025-05-17 17:16:09.784 INFO (MainThread) [homeassistant.setup] Setup of domain uk_bin_collection took 0.00 seconds
2025-05-17 17:16:09.784 INFO (MainThread) [custom_components.uk_bin_collection] [UKBinCollection] async_setup_entry called for entry_id=01JVFD0HNQBAP1N9KD57FWE2VN
2025-05-17 17:16:09.784 DEBUG (MainThread) [custom_components.uk_bin_collection] [UKBinCollection] Retrieved configuration: name=Clack input-cleaned-old.json, timeout=60, manual_refresh_only=False, update_interval=12 hours, icon_color_mapping=
2025-05-17 17:16:09.784 INFO (MainThread) [custom_components.uk_bin_collection] [UKBinCollection] Manual refresh only: no automatic updates scheduled.
2025-05-17 17:16:09.784 DEBUG (MainThread) [custom_components.uk_bin_collection] [UKBinCollection] Building args with council: GooglePublicCalendarCouncil, url: https://calendar.google.com/calendar/ical/0d775884b4db6a7bae5204f06dae113c1a36e505b25991ebc27c6bd42edf5b5e%40group.calendar.google.com/public/basic.ics
2025-05-17 17:16:09.784 DEBUG (MainThread) [custom_components.uk_bin_collection] [UKBinCollection] Generated args: ['GooglePublicCalendarCouncil', 'https://calendar.google.com/calendar/ical/0d775884b4db6a7bae5204f06dae113c1a36e505b25991ebc27c6bd42edf5b5e%40group.calendar.google.com/public/basic.ics']
2025-05-17 17:16:09.784 DEBUG (MainThread) [custom_components.uk_bin_collection] [UKBinCollection] UKBinCollectionApp args: ['GooglePublicCalendarCouncil', 'https://calendar.google.com/calendar/ical/0d775884b4db6a7bae5204f06dae113c1a36e505b25991ebc27c6bd42edf5b5e%40group.calendar.google.com/public/basic.ics']
2025-05-17 17:16:09.785 DEBUG (MainThread) [custom_components.uk_bin_collection] [UKBinCollection] UKBinCollectionApp initialized and arguments set.
2025-05-17 17:16:09.785 DEBUG (MainThread) [custom_components.uk_bin_collection] [UKBinCollection] HouseholdBinCoordinator __init__: name=Clack input-cleaned-old.json, timeout=60, update_interval=None
2025-05-17 17:16:09.785 DEBUG (MainThread) [custom_components.uk_bin_collection] [UKBinCollection] HouseholdBinCoordinator initialized with update_interval=None.
2025-05-17 17:16:09.785 DEBUG (MainThread) [custom_components.uk_bin_collection] [UKBinCollection] _async_update_data called.
2025-05-17 17:16:09.785 INFO (MainThread) [custom_components.uk_bin_collection] [UKBinCollection] Fetching latest bin collection data with timeout=60
2025-05-17 17:16:09.785 INFO (MainThread) [custom_components.uk_bin_collection] [UKBinCollection] async_setup_entry called for entry_id=01JVFD386ZH9X28QBWFXT5ANC8
2025-05-17 17:16:09.785 DEBUG (MainThread) [custom_components.uk_bin_collection] [UKBinCollection] Retrieved configuration: name=Clack input-new.json, timeout=60, manual_refresh_only=False, update_interval=12 hours, icon_color_mapping=
2025-05-17 17:16:09.785 INFO (MainThread) [custom_components.uk_bin_collection] [UKBinCollection] Manual refresh only: no automatic updates scheduled.
2025-05-17 17:16:09.785 DEBUG (MainThread) [custom_components.uk_bin_collection] [UKBinCollection] Building args with council: GooglePublicCalendarCouncil, url: https://calendar.google.com/calendar/ical/0d775884b4db6a7bae5204f06dae113c1a36e505b25991ebc27c6bd42edf5b5e%40group.calendar.google.com/public/basic.ics
2025-05-17 17:16:09.785 DEBUG (MainThread) [custom_components.uk_bin_collection] [UKBinCollection] Generated args: ['GooglePublicCalendarCouncil', 'https://calendar.google.com/calendar/ical/0d775884b4db6a7bae5204f06dae113c1a36e505b25991ebc27c6bd42edf5b5e%40group.calendar.google.com/public/basic.ics']
2025-05-17 17:16:09.785 DEBUG (MainThread) [custom_components.uk_bin_collection] [UKBinCollection] UKBinCollectionApp args: ['GooglePublicCalendarCouncil', 'https://calendar.google.com/calendar/ical/0d775884b4db6a7bae5204f06dae113c1a36e505b25991ebc27c6bd42edf5b5e%40group.calendar.google.com/public/basic.ics']
2025-05-17 17:16:09.786 DEBUG (MainThread) [custom_components.uk_bin_collection] [UKBinCollection] UKBinCollectionApp initialized and arguments set.
2025-05-17 17:16:09.786 DEBUG (MainThread) [custom_components.uk_bin_collection] [UKBinCollection] HouseholdBinCoordinator __init__: name=Clack input-new.json, timeout=60, update_interval=None
2025-05-17 17:16:09.786 DEBUG (MainThread) [custom_components.uk_bin_collection] [UKBinCollection] HouseholdBinCoordinator initialized with update_interval=None.
2025-05-17 17:16:09.786 DEBUG (MainThread) [custom_components.uk_bin_collection] [UKBinCollection] _async_update_data called.
2025-05-17 17:16:09.786 INFO (MainThread) [custom_components.uk_bin_collection] [UKBinCollection] Fetching latest bin collection data with timeout=60
2025-05-17 17:16:09.786 INFO (MainThread) [custom_components.uk_bin_collection] [UKBinCollection] async_setup_entry called for entry_id=01JVFG79KJEAF8ZK1M4865DDYQ
2025-05-17 17:16:09.786 DEBUG (MainThread) [custom_components.uk_bin_collection] [UKBinCollection] Retrieved configuration: name=West Drive, timeout=999, manual_refresh_only=True, update_interval=998 hours, icon_color_mapping=
2025-05-17 17:16:09.786 INFO (MainThread) [custom_components.uk_bin_collection] [UKBinCollection] Automatic refresh every 998 hour(s).
2025-05-17 17:16:09.786 DEBUG (MainThread) [custom_components.uk_bin_collection] [UKBinCollection] Building args with council: BrightonandHoveCityCouncil, url: https://cityclean.brighton-hove.gov.uk/link/collections
2025-05-17 17:16:09.786 DEBUG (MainThread) [custom_components.uk_bin_collection] [UKBinCollection] Generated args: ['BrightonandHoveCityCouncil', 'https://cityclean.brighton-hove.gov.uk/link/collections', '--number=22', '--postcode=BN2 0QU', '--web_driver=http://localhost:4444']
2025-05-17 17:16:09.786 DEBUG (MainThread) [custom_components.uk_bin_collection] [UKBinCollection] UKBinCollectionApp args: ['BrightonandHoveCityCouncil', 'https://cityclean.brighton-hove.gov.uk/link/collections', '--number=22', '--postcode=BN2 0QU', '--web_driver=http://localhost:4444']
2025-05-17 17:16:09.787 DEBUG (MainThread) [custom_components.uk_bin_collection] [UKBinCollection] UKBinCollectionApp initialized and arguments set.
2025-05-17 17:16:09.787 DEBUG (MainThread) [custom_components.uk_bin_collection] [UKBinCollection] HouseholdBinCoordinator __init__: name=West Drive, timeout=999, update_interval=41 days, 14:00:00
2025-05-17 17:16:09.787 DEBUG (MainThread) [custom_components.uk_bin_collection] [UKBinCollection] HouseholdBinCoordinator initialized with update_interval=41 days, 14:00:00.
2025-05-17 17:16:09.787 DEBUG (MainThread) [custom_components.uk_bin_collection] [UKBinCollection] _async_update_data called.
2025-05-17 17:16:09.787 INFO (MainThread) [custom_components.uk_bin_collection] [UKBinCollection] Fetching latest bin collection data with timeout=999
2025-05-17 17:16:09.819 INFO (MainThread) [homeassistant.setup] Setting up go2rtc
2025-05-17 17:16:09.819 INFO (MainThread) [homeassistant.setup] Setup of domain go2rtc took 0.00 seconds
2025-05-17 17:16:09.906 INFO (MainThread) [homeassistant.setup] Setting up tag
2025-05-17 17:16:09.906 INFO (MainThread) [homeassistant.setup] Setup of domain tag took 0.00 seconds
2025-05-17 17:16:10.043 INFO (MainThread) [homeassistant.setup] Setting up my
2025-05-17 17:16:10.043 INFO (MainThread) [homeassistant.setup] Setup of domain my took 0.00 seconds
2025-05-17 17:16:10.044 INFO (MainThread) [homeassistant.setup] Setting up sun
2025-05-17 17:16:10.044 INFO (MainThread) [homeassistant.setup] Setup of domain sun took 0.00 seconds
2025-05-17 17:16:10.047 INFO (MainThread) [homeassistant.components.sensor] Setting up sun.sensor
2025-05-17 17:16:10.049 INFO (MainThread) [homeassistant.setup] Setting up input_datetime
2025-05-17 17:16:10.049 INFO (MainThread) [homeassistant.setup] Setup of domain input_datetime took 0.00 seconds
2025-05-17 17:16:10.051 INFO (MainThread) [homeassistant.setup] Setting up input_text
2025-05-17 17:16:10.051 INFO (MainThread) [homeassistant.setup] Setup of domain input_text took 0.00 seconds
2025-05-17 17:16:10.054 INFO (MainThread) [homeassistant.setup] Setting up application_credentials
2025-05-17 17:16:10.054 INFO (MainThread) [homeassistant.setup] Setup of domain application_credentials took 0.00 seconds
2025-05-17 17:16:10.070 INFO (MainThread) [homeassistant.setup] Setting up hardware
2025-05-17 17:16:10.078 INFO (MainThread) [homeassistant.setup] Setting up schedule
2025-05-17 17:16:10.078 INFO (MainThread) [homeassistant.setup] Setup of domain schedule took 0.00 seconds
2025-05-17 17:16:10.084 INFO (MainThread) [homeassistant.components.sensor] Setting up energy.sensor
2025-05-17 17:16:10.091 INFO (MainThread) [homeassistant.setup] Setup of domain hardware took 0.02 seconds
2025-05-17 17:16:10.096 INFO (MainThread) [homeassistant.setup] Setting up analytics
2025-05-17 17:16:10.096 INFO (MainThread) [homeassistant.setup] Setup of domain analytics took 0.00 seconds
2025-05-17 17:16:10.119 INFO (MainThread) [homeassistant.setup] Setting up mobile_app
2025-05-17 17:16:10.119 INFO (MainThread) [homeassistant.setup] Setting up notify
2025-05-17 17:16:10.119 INFO (MainThread) [homeassistant.setup] Setup of domain notify took 0.00 seconds
2025-05-17 17:16:10.119 INFO (MainThread) [homeassistant.setup] Setup of domain mobile_app took 0.00 seconds
2025-05-17 17:16:10.119 INFO (MainThread) [homeassistant.components.notify] Setting up notify.mobile_app
2025-05-17 17:16:10.120 INFO (MainThread) [homeassistant.setup] Setting up default_config
2025-05-17 17:16:10.120 INFO (MainThread) [homeassistant.setup] Setup of domain default_config took 0.00 seconds
2025-05-17 17:16:10.640 DEBUG (MainThread) [custom_components.uk_bin_collection] [UKBinCollection] Raw data fetched from ukbcd.run(): {
    "bins": [
        {
            "type": "Blue Bin - Paper",
            "collectionDate": "22/05/2025"
        },
        {
            "type": "Black Bin - Glass, Cans, Plastic",
            "collectionDate": "22/05/2025"
        },
        {
            "type": "Grey Bin - Non Recyclable",
            "collectionDate": "29/05/2025"
        },
        {
            "type": "Black Bin - Glass, Cans, Plastic",
            "collectionDate": "29/05/2025"
        },
        {
            "type": "Blue Bin - Paper",
            "collectionDate": "05/06/2025"
        },
        {
            "type": "Black Bin - Glass, Cans, Plastic",
            "collectionDate": "05/06/2025"
        },
        {
            "type": "Grey Bin - Non Recyclable",
            "collectionDate": "12/06/2025"
        },
        {
            "type": "Black Bin - Glass, Cans, Plastic",
            "collectionDate": "12/06/2025"
        },
        {
            "type": "Blue Bin - Paper",
            "collectionDate": "19/06/2025"
        },
        {
            "type": "Black Bin - Glass, Cans, Plastic",
            "collectionDate": "19/06/2025"
        },
        {
            "type": "Grey Bin - Non Recyclable",
            "collectionDate": "26/06/2025"
        },
        {
            "type": "Black Bin - Glass, Cans, Plastic",
            "collectionDate": "26/06/2025"
        },
        {
            "type": "Blue Bin - Paper",
            "collectionDate": "03/07/2025"
        },
        {
            "type": "Black Bin - Glass, Cans, Plastic",
            "collectionDate": "03/07/2025"
        },
        {
            "type": "Grey Bin - Non Recyclable",
            "collectionDate": "10/07/2025"
        },
        {
            "type": "Black Bin - Glass, Cans, Plastic",
            "collectionDate": "10/07/2025"
        }
    ]
}
2025-05-17 17:16:10.641 DEBUG (MainThread) [custom_components.uk_bin_collection] [UKBinCollection] JSON parsed data: {'bins': [{'type': 'Blue Bin - Paper', 'collectionDate': '22/05/2025'}, {'type': 'Black Bin - Glass, Cans, Plastic', 'collectionDate': '22/05/2025'}, {'type': 'Grey Bin - Non Recyclable', 'collectionDate': '29/05/2025'}, {'type': 'Black Bin - Glass, Cans, Plastic', 'collectionDate': '29/05/2025'}, {'type': 'Blue Bin - Paper', 'collectionDate': '05/06/2025'}, {'type': 'Black Bin - Glass, Cans, Plastic', 'collectionDate': '05/06/2025'}, {'type': 'Grey Bin - Non Recyclable', 'collectionDate': '12/06/2025'}, {'type': 'Black Bin - Glass, Cans, Plastic', 'collectionDate': '12/06/2025'}, {'type': 'Blue Bin - Paper', 'collectionDate': '19/06/2025'}, {'type': 'Black Bin - Glass, Cans, Plastic', 'collectionDate': '19/06/2025'}, {'type': 'Grey Bin - Non Recyclable', 'collectionDate': '26/06/2025'}, {'type': 'Black Bin - Glass, Cans, Plastic', 'collectionDate': '26/06/2025'}, {'type': 'Blue Bin - Paper', 'collectionDate': '03/07/2025'}, {'type': 'Black Bin - Glass, Cans, Plastic', 'collectionDate': '03/07/2025'}, {'type': 'Grey Bin - Non Recyclable', 'collectionDate': '10/07/2025'}, {'type': 'Black Bin - Glass, Cans, Plastic', 'collectionDate': '10/07/2025'}]}
2025-05-17 17:16:10.641 DEBUG (MainThread) [custom_components.uk_bin_collection] [UKBinCollection] process_bin_data called with data={'bins': [{'type': 'Blue Bin - Paper', 'collectionDate': '22/05/2025'}, {'type': 'Black Bin - Glass, Cans, Plastic', 'collectionDate': '22/05/2025'}, {'type': 'Grey Bin - Non Recyclable', 'collectionDate': '29/05/2025'}, {'type': 'Black Bin - Glass, Cans, Plastic', 'collectionDate': '29/05/2025'}, {'type': 'Blue Bin - Paper', 'collectionDate': '05/06/2025'}, {'type': 'Black Bin - Glass, Cans, Plastic', 'collectionDate': '05/06/2025'}, {'type': 'Grey Bin - Non Recyclable', 'collectionDate': '12/06/2025'}, {'type': 'Black Bin - Glass, Cans, Plastic', 'collectionDate': '12/06/2025'}, {'type': 'Blue Bin - Paper', 'collectionDate': '19/06/2025'}, {'type': 'Black Bin - Glass, Cans, Plastic', 'collectionDate': '19/06/2025'}, {'type': 'Grey Bin - Non Recyclable', 'collectionDate': '26/06/2025'}, {'type': 'Black Bin - Glass, Cans, Plastic', 'collectionDate': '26/06/2025'}, {'type': 'Blue Bin - Paper', 'collectionDate': '03/07/2025'}, {'type': 'Black Bin - Glass, Cans, Plastic', 'collectionDate': '03/07/2025'}, {'type': 'Grey Bin - Non Recyclable', 'collectionDate': '10/07/2025'}, {'type': 'Black Bin - Glass, Cans, Plastic', 'collectionDate': '10/07/2025'}]}
2025-05-17 17:16:10.641 DEBUG (MainThread) [custom_components.uk_bin_collection] [UKBinCollection] Bins found: [{'type': 'Blue Bin - Paper', 'collectionDate': '22/05/2025'}, {'type': 'Black Bin - Glass, Cans, Plastic', 'collectionDate': '22/05/2025'}, {'type': 'Grey Bin - Non Recyclable', 'collectionDate': '29/05/2025'}, {'type': 'Black Bin - Glass, Cans, Plastic', 'collectionDate': '29/05/2025'}, {'type': 'Blue Bin - Paper', 'collectionDate': '05/06/2025'}, {'type': 'Black Bin - Glass, Cans, Plastic', 'collectionDate': '05/06/2025'}, {'type': 'Grey Bin - Non Recyclable', 'collectionDate': '12/06/2025'}, {'type': 'Black Bin - Glass, Cans, Plastic', 'collectionDate': '12/06/2025'}, {'type': 'Blue Bin - Paper', 'collectionDate': '19/06/2025'}, {'type': 'Black Bin - Glass, Cans, Plastic', 'collectionDate': '19/06/2025'}, {'type': 'Grey Bin - Non Recyclable', 'collectionDate': '26/06/2025'}, {'type': 'Black Bin - Glass, Cans, Plastic', 'collectionDate': '26/06/2025'}, {'type': 'Blue Bin - Paper', 'collectionDate': '03/07/2025'}, {'type': 'Black Bin - Glass, Cans, Plastic', 'collectionDate': '03/07/2025'}, {'type': 'Grey Bin - Non Recyclable', 'collectionDate': '10/07/2025'}, {'type': 'Black Bin - Glass, Cans, Plastic', 'collectionDate': '10/07/2025'}]
2025-05-17 17:16:10.641 DEBUG (MainThread) [custom_components.uk_bin_collection] [UKBinCollection] Processing bin_data={'type': 'Blue Bin - Paper', 'collectionDate': '22/05/2025'}
2025-05-17 17:16:10.642 DEBUG (MainThread) [custom_components.uk_bin_collection] [UKBinCollection] Updated next collection for 'Blue Bin - Paper' to 2025-05-22
2025-05-17 17:16:10.642 DEBUG (MainThread) [custom_components.uk_bin_collection] [UKBinCollection] Processing bin_data={'type': 'Black Bin - Glass, Cans, Plastic', 'collectionDate': '22/05/2025'}
2025-05-17 17:16:10.642 DEBUG (MainThread) [custom_components.uk_bin_collection] [UKBinCollection] Updated next collection for 'Black Bin - Glass, Cans, Plastic' to 2025-05-22
2025-05-17 17:16:10.642 DEBUG (MainThread) [custom_components.uk_bin_collection] [UKBinCollection] Processing bin_data={'type': 'Grey Bin - Non Recyclable', 'collectionDate': '29/05/2025'}
2025-05-17 17:16:10.642 DEBUG (MainThread) [custom_components.uk_bin_collection] [UKBinCollection] Updated next collection for 'Grey Bin - Non Recyclable' to 2025-05-29
2025-05-17 17:16:10.642 DEBUG (MainThread) [custom_components.uk_bin_collection] [UKBinCollection] Processing bin_data={'type': 'Black Bin - Glass, Cans, Plastic', 'collectionDate': '29/05/2025'}
2025-05-17 17:16:10.642 DEBUG (MainThread) [custom_components.uk_bin_collection] [UKBinCollection] Processing bin_data={'type': 'Blue Bin - Paper', 'collectionDate': '05/06/2025'}
2025-05-17 17:16:10.642 DEBUG (MainThread) [custom_components.uk_bin_collection] [UKBinCollection] Processing bin_data={'type': 'Black Bin - Glass, Cans, Plastic', 'collectionDate': '05/06/2025'}
2025-05-17 17:16:10.642 DEBUG (MainThread) [custom_components.uk_bin_collection] [UKBinCollection] Processing bin_data={'type': 'Grey Bin - Non Recyclable', 'collectionDate': '12/06/2025'}
2025-05-17 17:16:10.642 DEBUG (MainThread) [custom_components.uk_bin_collection] [UKBinCollection] Processing bin_data={'type': 'Black Bin - Glass, Cans, Plastic', 'collectionDate': '12/06/2025'}
2025-05-17 17:16:10.642 DEBUG (MainThread) [custom_components.uk_bin_collection] [UKBinCollection] Processing bin_data={'type': 'Blue Bin - Paper', 'collectionDate': '19/06/2025'}
2025-05-17 17:16:10.642 DEBUG (MainThread) [custom_components.uk_bin_collection] [UKBinCollection] Processing bin_data={'type': 'Black Bin - Glass, Cans, Plastic', 'collectionDate': '19/06/2025'}
2025-05-17 17:16:10.642 DEBUG (MainThread) [custom_components.uk_bin_collection] [UKBinCollection] Processing bin_data={'type': 'Grey Bin - Non Recyclable', 'collectionDate': '26/06/2025'}
2025-05-17 17:16:10.642 DEBUG (MainThread) [custom_components.uk_bin_collection] [UKBinCollection] Processing bin_data={'type': 'Black Bin - Glass, Cans, Plastic', 'collectionDate': '26/06/2025'}
2025-05-17 17:16:10.642 DEBUG (MainThread) [custom_components.uk_bin_collection] [UKBinCollection] Processing bin_data={'type': 'Blue Bin - Paper', 'collectionDate': '03/07/2025'}
2025-05-17 17:16:10.642 DEBUG (MainThread) [custom_components.uk_bin_collection] [UKBinCollection] Processing bin_data={'type': 'Black Bin - Glass, Cans, Plastic', 'collectionDate': '03/07/2025'}
2025-05-17 17:16:10.642 DEBUG (MainThread) [custom_components.uk_bin_collection] [UKBinCollection] Processing bin_data={'type': 'Grey Bin - Non Recyclable', 'collectionDate': '10/07/2025'}
2025-05-17 17:16:10.643 DEBUG (MainThread) [custom_components.uk_bin_collection] [UKBinCollection] Processing bin_data={'type': 'Black Bin - Glass, Cans, Plastic', 'collectionDate': '10/07/2025'}
2025-05-17 17:16:10.643 DEBUG (MainThread) [custom_components.uk_bin_collection] [UKBinCollection] Final next_collection_dates={'Blue Bin - Paper': datetime.date(2025, 5, 22), 'Black Bin - Glass, Cans, Plastic': datetime.date(2025, 5, 22), 'Grey Bin - Non Recyclable': datetime.date(2025, 5, 29)}
2025-05-17 17:16:10.643 DEBUG (MainThread) [custom_components.uk_bin_collection] [UKBinCollection] Processed data: {'Blue Bin - Paper': datetime.date(2025, 5, 22), 'Black Bin - Glass, Cans, Plastic': datetime.date(2025, 5, 22), 'Grey Bin - Non Recyclable': datetime.date(2025, 5, 29)}
2025-05-17 17:16:10.643 INFO (MainThread) [custom_components.uk_bin_collection] [UKBinCollection] Bin collection data updated successfully.
2025-05-17 17:16:10.643 DEBUG (MainThread) [custom_components.uk_bin_collection] Finished fetching Clack input-cleaned-old.json data in 0.858 seconds (success: True)
2025-05-17 17:16:10.643 INFO (MainThread) [custom_components.uk_bin_collection] [UKBinCollection] Initial data fetched successfully for entry_id=01JVFD0HNQBAP1N9KD57FWE2VN
2025-05-17 17:16:10.643 DEBUG (MainThread) [custom_components.uk_bin_collection] [UKBinCollection] Coordinator stored in hass.data under entry_id=01JVFD0HNQBAP1N9KD57FWE2VN
2025-05-17 17:16:10.643 DEBUG (MainThread) [custom_components.uk_bin_collection] [UKBinCollection] Forwarding setup to platforms: ['sensor', 'calendar']
2025-05-17 17:16:10.646 INFO (MainThread) [homeassistant.components.sensor] Setting up uk_bin_collection.sensor
2025-05-17 17:16:10.647 INFO (MainThread) [custom_components.uk_bin_collection.sensor] [UKBinCollection] Setting up UK Bin Collection Data platform.
2025-05-17 17:16:10.649 INFO (MainThread) [homeassistant.setup] Setting up calendar
2025-05-17 17:16:10.650 INFO (MainThread) [homeassistant.setup] Setup of domain calendar took 0.00 seconds
2025-05-17 17:16:10.650 INFO (MainThread) [homeassistant.components.calendar] Setting up uk_bin_collection.calendar
2025-05-17 17:16:10.650 INFO (MainThread) [custom_components.uk_bin_collection.calendar] [UKBinCollection] Setting up UK Bin Collection Calendar platform.
2025-05-17 17:16:10.650 DEBUG (MainThread) [custom_components.uk_bin_collection] [UKBinCollection] _async_update_data called.
2025-05-17 17:16:10.650 INFO (MainThread) [custom_components.uk_bin_collection] [UKBinCollection] Fetching latest bin collection data with timeout=60
2025-05-17 17:16:10.653 DEBUG (MainThread) [custom_components.uk_bin_collection] [UKBinCollection] Raw data fetched from ukbcd.run(): {
    "bins": [
        {
            "type": "Blue Bin - Paper",
            "collectionDate": "22/05/2025"
        },
        {
            "type": "Black Bin - Glass, Cans, Plastic",
            "collectionDate": "22/05/2025"
        },
        {
            "type": "Grey Bin - Non Recyclable",
            "collectionDate": "29/05/2025"
        },
        {
            "type": "Black Bin - Glass, Cans, Plastic",
            "collectionDate": "29/05/2025"
        },
        {
            "type": "Blue Bin - Paper",
            "collectionDate": "05/06/2025"
        },
        {
            "type": "Black Bin - Glass, Cans, Plastic",
            "collectionDate": "05/06/2025"
        },
        {
            "type": "Grey Bin - Non Recyclable",
            "collectionDate": "12/06/2025"
        },
        {
            "type": "Black Bin - Glass, Cans, Plastic",
            "collectionDate": "12/06/2025"
        },
        {
            "type": "Blue Bin - Paper",
            "collectionDate": "19/06/2025"
        },
        {
            "type": "Black Bin - Glass, Cans, Plastic",
            "collectionDate": "19/06/2025"
        },
        {
            "type": "Grey Bin - Non Recyclable",
            "collectionDate": "26/06/2025"
        },
        {
            "type": "Black Bin - Glass, Cans, Plastic",
            "collectionDate": "26/06/2025"
        },
        {
            "type": "Blue Bin - Paper",
            "collectionDate": "03/07/2025"
        },
        {
            "type": "Black Bin - Glass, Cans, Plastic",
            "collectionDate": "03/07/2025"
        },
        {
            "type": "Grey Bin - Non Recyclable",
            "collectionDate": "10/07/2025"
        },
        {
            "type": "Black Bin - Glass, Cans, Plastic",
            "collectionDate": "10/07/2025"
        }
    ]
}
2025-05-17 17:16:10.653 DEBUG (MainThread) [custom_components.uk_bin_collection] [UKBinCollection] JSON parsed data: {'bins': [{'type': 'Blue Bin - Paper', 'collectionDate': '22/05/2025'}, {'type': 'Black Bin - Glass, Cans, Plastic', 'collectionDate': '22/05/2025'}, {'type': 'Grey Bin - Non Recyclable', 'collectionDate': '29/05/2025'}, {'type': 'Black Bin - Glass, Cans, Plastic', 'collectionDate': '29/05/2025'}, {'type': 'Blue Bin - Paper', 'collectionDate': '05/06/2025'}, {'type': 'Black Bin - Glass, Cans, Plastic', 'collectionDate': '05/06/2025'}, {'type': 'Grey Bin - Non Recyclable', 'collectionDate': '12/06/2025'}, {'type': 'Black Bin - Glass, Cans, Plastic', 'collectionDate': '12/06/2025'}, {'type': 'Blue Bin - Paper', 'collectionDate': '19/06/2025'}, {'type': 'Black Bin - Glass, Cans, Plastic', 'collectionDate': '19/06/2025'}, {'type': 'Grey Bin - Non Recyclable', 'collectionDate': '26/06/2025'}, {'type': 'Black Bin - Glass, Cans, Plastic', 'collectionDate': '26/06/2025'}, {'type': 'Blue Bin - Paper', 'collectionDate': '03/07/2025'}, {'type': 'Black Bin - Glass, Cans, Plastic', 'collectionDate': '03/07/2025'}, {'type': 'Grey Bin - Non Recyclable', 'collectionDate': '10/07/2025'}, {'type': 'Black Bin - Glass, Cans, Plastic', 'collectionDate': '10/07/2025'}]}
2025-05-17 17:16:10.653 DEBUG (MainThread) [custom_components.uk_bin_collection] [UKBinCollection] process_bin_data called with data={'bins': [{'type': 'Blue Bin - Paper', 'collectionDate': '22/05/2025'}, {'type': 'Black Bin - Glass, Cans, Plastic', 'collectionDate': '22/05/2025'}, {'type': 'Grey Bin - Non Recyclable', 'collectionDate': '29/05/2025'}, {'type': 'Black Bin - Glass, Cans, Plastic', 'collectionDate': '29/05/2025'}, {'type': 'Blue Bin - Paper', 'collectionDate': '05/06/2025'}, {'type': 'Black Bin - Glass, Cans, Plastic', 'collectionDate': '05/06/2025'}, {'type': 'Grey Bin - Non Recyclable', 'collectionDate': '12/06/2025'}, {'type': 'Black Bin - Glass, Cans, Plastic', 'collectionDate': '12/06/2025'}, {'type': 'Blue Bin - Paper', 'collectionDate': '19/06/2025'}, {'type': 'Black Bin - Glass, Cans, Plastic', 'collectionDate': '19/06/2025'}, {'type': 'Grey Bin - Non Recyclable', 'collectionDate': '26/06/2025'}, {'type': 'Black Bin - Glass, Cans, Plastic', 'collectionDate': '26/06/2025'}, {'type': 'Blue Bin - Paper', 'collectionDate': '03/07/2025'}, {'type': 'Black Bin - Glass, Cans, Plastic', 'collectionDate': '03/07/2025'}, {'type': 'Grey Bin - Non Recyclable', 'collectionDate': '10/07/2025'}, {'type': 'Black Bin - Glass, Cans, Plastic', 'collectionDate': '10/07/2025'}]}
2025-05-17 17:16:10.653 DEBUG (MainThread) [custom_components.uk_bin_collection] [UKBinCollection] Bins found: [{'type': 'Blue Bin - Paper', 'collectionDate': '22/05/2025'}, {'type': 'Black Bin - Glass, Cans, Plastic', 'collectionDate': '22/05/2025'}, {'type': 'Grey Bin - Non Recyclable', 'collectionDate': '29/05/2025'}, {'type': 'Black Bin - Glass, Cans, Plastic', 'collectionDate': '29/05/2025'}, {'type': 'Blue Bin - Paper', 'collectionDate': '05/06/2025'}, {'type': 'Black Bin - Glass, Cans, Plastic', 'collectionDate': '05/06/2025'}, {'type': 'Grey Bin - Non Recyclable', 'collectionDate': '12/06/2025'}, {'type': 'Black Bin - Glass, Cans, Plastic', 'collectionDate': '12/06/2025'}, {'type': 'Blue Bin - Paper', 'collectionDate': '19/06/2025'}, {'type': 'Black Bin - Glass, Cans, Plastic', 'collectionDate': '19/06/2025'}, {'type': 'Grey Bin - Non Recyclable', 'collectionDate': '26/06/2025'}, {'type': 'Black Bin - Glass, Cans, Plastic', 'collectionDate': '26/06/2025'}, {'type': 'Blue Bin - Paper', 'collectionDate': '03/07/2025'}, {'type': 'Black Bin - Glass, Cans, Plastic', 'collectionDate': '03/07/2025'}, {'type': 'Grey Bin - Non Recyclable', 'collectionDate': '10/07/2025'}, {'type': 'Black Bin - Glass, Cans, Plastic', 'collectionDate': '10/07/2025'}]
2025-05-17 17:16:10.653 DEBUG (MainThread) [custom_components.uk_bin_collection] [UKBinCollection] Processing bin_data={'type': 'Blue Bin - Paper', 'collectionDate': '22/05/2025'}
2025-05-17 17:16:10.653 DEBUG (MainThread) [custom_components.uk_bin_collection] [UKBinCollection] Updated next collection for 'Blue Bin - Paper' to 2025-05-22
2025-05-17 17:16:10.653 DEBUG (MainThread) [custom_components.uk_bin_collection] [UKBinCollection] Processing bin_data={'type': 'Black Bin - Glass, Cans, Plastic', 'collectionDate': '22/05/2025'}
2025-05-17 17:16:10.653 DEBUG (MainThread) [custom_components.uk_bin_collection] [UKBinCollection] Updated next collection for 'Black Bin - Glass, Cans, Plastic' to 2025-05-22
2025-05-17 17:16:10.653 DEBUG (MainThread) [custom_components.uk_bin_collection] [UKBinCollection] Processing bin_data={'type': 'Grey Bin - Non Recyclable', 'collectionDate': '29/05/2025'}
2025-05-17 17:16:10.653 DEBUG (MainThread) [custom_components.uk_bin_collection] [UKBinCollection] Updated next collection for 'Grey Bin - Non Recyclable' to 2025-05-29
2025-05-17 17:16:10.653 DEBUG (MainThread) [custom_components.uk_bin_collection] [UKBinCollection] Processing bin_data={'type': 'Black Bin - Glass, Cans, Plastic', 'collectionDate': '29/05/2025'}
2025-05-17 17:16:10.653 DEBUG (MainThread) [custom_components.uk_bin_collection] [UKBinCollection] Processing bin_data={'type': 'Blue Bin - Paper', 'collectionDate': '05/06/2025'}
2025-05-17 17:16:10.653 DEBUG (MainThread) [custom_components.uk_bin_collection] [UKBinCollection] Processing bin_data={'type': 'Black Bin - Glass, Cans, Plastic', 'collectionDate': '05/06/2025'}
2025-05-17 17:16:10.653 DEBUG (MainThread) [custom_components.uk_bin_collection] [UKBinCollection] Processing bin_data={'type': 'Grey Bin - Non Recyclable', 'collectionDate': '12/06/2025'}
2025-05-17 17:16:10.653 DEBUG (MainThread) [custom_components.uk_bin_collection] [UKBinCollection] Processing bin_data={'type': 'Black Bin - Glass, Cans, Plastic', 'collectionDate': '12/06/2025'}
2025-05-17 17:16:10.653 DEBUG (MainThread) [custom_components.uk_bin_collection] [UKBinCollection] Processing bin_data={'type': 'Blue Bin - Paper', 'collectionDate': '19/06/2025'}
2025-05-17 17:16:10.653 DEBUG (MainThread) [custom_components.uk_bin_collection] [UKBinCollection] Processing bin_data={'type': 'Black Bin - Glass, Cans, Plastic', 'collectionDate': '19/06/2025'}
2025-05-17 17:16:10.653 DEBUG (MainThread) [custom_components.uk_bin_collection] [UKBinCollection] Processing bin_data={'type': 'Grey Bin - Non Recyclable', 'collectionDate': '26/06/2025'}
2025-05-17 17:16:10.653 DEBUG (MainThread) [custom_components.uk_bin_collection] [UKBinCollection] Processing bin_data={'type': 'Black Bin - Glass, Cans, Plastic', 'collectionDate': '26/06/2025'}
2025-05-17 17:16:10.653 DEBUG (MainThread) [custom_components.uk_bin_collection] [UKBinCollection] Processing bin_data={'type': 'Blue Bin - Paper', 'collectionDate': '03/07/2025'}
2025-05-17 17:16:10.653 DEBUG (MainThread) [custom_components.uk_bin_collection] [UKBinCollection] Processing bin_data={'type': 'Black Bin - Glass, Cans, Plastic', 'collectionDate': '03/07/2025'}
2025-05-17 17:16:10.653 DEBUG (MainThread) [custom_components.uk_bin_collection] [UKBinCollection] Processing bin_data={'type': 'Grey Bin - Non Recyclable', 'collectionDate': '10/07/2025'}
2025-05-17 17:16:10.653 DEBUG (MainThread) [custom_components.uk_bin_collection] [UKBinCollection] Processing bin_data={'type': 'Black Bin - Glass, Cans, Plastic', 'collectionDate': '10/07/2025'}
2025-05-17 17:16:10.653 DEBUG (MainThread) [custom_components.uk_bin_collection] [UKBinCollection] Final next_collection_dates={'Blue Bin - Paper': datetime.date(2025, 5, 22), 'Black Bin - Glass, Cans, Plastic': datetime.date(2025, 5, 22), 'Grey Bin - Non Recyclable': datetime.date(2025, 5, 29)}
2025-05-17 17:16:10.653 DEBUG (MainThread) [custom_components.uk_bin_collection] [UKBinCollection] Processed data: {'Blue Bin - Paper': datetime.date(2025, 5, 22), 'Black Bin - Glass, Cans, Plastic': datetime.date(2025, 5, 22), 'Grey Bin - Non Recyclable': datetime.date(2025, 5, 29)}
2025-05-17 17:16:10.653 INFO (MainThread) [custom_components.uk_bin_collection] [UKBinCollection] Bin collection data updated successfully.
2025-05-17 17:16:10.653 DEBUG (MainThread) [custom_components.uk_bin_collection] Finished fetching Clack input-new.json data in 0.867 seconds (success: True)
2025-05-17 17:16:10.653 INFO (MainThread) [custom_components.uk_bin_collection] [UKBinCollection] Initial data fetched successfully for entry_id=01JVFD386ZH9X28QBWFXT5ANC8
2025-05-17 17:16:10.653 DEBUG (MainThread) [custom_components.uk_bin_collection] [UKBinCollection] Coordinator stored in hass.data under entry_id=01JVFD386ZH9X28QBWFXT5ANC8
2025-05-17 17:16:10.653 DEBUG (MainThread) [custom_components.uk_bin_collection] [UKBinCollection] Forwarding setup to platforms: ['sensor', 'calendar']
2025-05-17 17:16:10.653 INFO (MainThread) [homeassistant.components.sensor] Setting up uk_bin_collection.sensor
2025-05-17 17:16:10.653 INFO (MainThread) [custom_components.uk_bin_collection.sensor] [UKBinCollection] Setting up UK Bin Collection Data platform.
2025-05-17 17:16:10.654 INFO (MainThread) [homeassistant.components.calendar] Setting up uk_bin_collection.calendar
2025-05-17 17:16:10.654 INFO (MainThread) [custom_components.uk_bin_collection.calendar] [UKBinCollection] Setting up UK Bin Collection Calendar platform.
2025-05-17 17:16:10.654 DEBUG (MainThread) [custom_components.uk_bin_collection] [UKBinCollection] _async_update_data called.
2025-05-17 17:16:10.654 INFO (MainThread) [custom_components.uk_bin_collection] [UKBinCollection] Fetching latest bin collection data with timeout=60
2025-05-17 17:16:11.097 DEBUG (MainThread) [custom_components.uk_bin_collection] [UKBinCollection] Raw data fetched from ukbcd.run(): {
    "bins": [
        {
            "type": "Blue Bin - Paper",
            "collectionDate": "22/05/2025"
        },
        {
            "type": "Black Bin - Glass, Cans, Plastic",
            "collectionDate": "22/05/2025"
        },
        {
            "type": "Grey Bin - Non Recyclable",
            "collectionDate": "29/05/2025"
        },
        {
            "type": "Black Bin - Glass, Cans, Plastic",
            "collectionDate": "29/05/2025"
        },
        {
            "type": "Blue Bin - Paper",
            "collectionDate": "05/06/2025"
        },
        {
            "type": "Black Bin - Glass, Cans, Plastic",
            "collectionDate": "05/06/2025"
        },
        {
            "type": "Grey Bin - Non Recyclable",
            "collectionDate": "12/06/2025"
        },
        {
            "type": "Black Bin - Glass, Cans, Plastic",
            "collectionDate": "12/06/2025"
        },
        {
            "type": "Blue Bin - Paper",
            "collectionDate": "19/06/2025"
        },
        {
            "type": "Black Bin - Glass, Cans, Plastic",
            "collectionDate": "19/06/2025"
        },
        {
            "type": "Grey Bin - Non Recyclable",
            "collectionDate": "26/06/2025"
        },
        {
            "type": "Black Bin - Glass, Cans, Plastic",
            "collectionDate": "26/06/2025"
        },
        {
            "type": "Blue Bin - Paper",
            "collectionDate": "03/07/2025"
        },
        {
            "type": "Black Bin - Glass, Cans, Plastic",
            "collectionDate": "03/07/2025"
        },
        {
            "type": "Grey Bin - Non Recyclable",
            "collectionDate": "10/07/2025"
        },
        {
            "type": "Black Bin - Glass, Cans, Plastic",
            "collectionDate": "10/07/2025"
        }
    ]
}
2025-05-17 17:16:11.097 DEBUG (MainThread) [custom_components.uk_bin_collection] [UKBinCollection] JSON parsed data: {'bins': [{'type': 'Blue Bin - Paper', 'collectionDate': '22/05/2025'}, {'type': 'Black Bin - Glass, Cans, Plastic', 'collectionDate': '22/05/2025'}, {'type': 'Grey Bin - Non Recyclable', 'collectionDate': '29/05/2025'}, {'type': 'Black Bin - Glass, Cans, Plastic', 'collectionDate': '29/05/2025'}, {'type': 'Blue Bin - Paper', 'collectionDate': '05/06/2025'}, {'type': 'Black Bin - Glass, Cans, Plastic', 'collectionDate': '05/06/2025'}, {'type': 'Grey Bin - Non Recyclable', 'collectionDate': '12/06/2025'}, {'type': 'Black Bin - Glass, Cans, Plastic', 'collectionDate': '12/06/2025'}, {'type': 'Blue Bin - Paper', 'collectionDate': '19/06/2025'}, {'type': 'Black Bin - Glass, Cans, Plastic', 'collectionDate': '19/06/2025'}, {'type': 'Grey Bin - Non Recyclable', 'collectionDate': '26/06/2025'}, {'type': 'Black Bin - Glass, Cans, Plastic', 'collectionDate': '26/06/2025'}, {'type': 'Blue Bin - Paper', 'collectionDate': '03/07/2025'}, {'type': 'Black Bin - Glass, Cans, Plastic', 'collectionDate': '03/07/2025'}, {'type': 'Grey Bin - Non Recyclable', 'collectionDate': '10/07/2025'}, {'type': 'Black Bin - Glass, Cans, Plastic', 'collectionDate': '10/07/2025'}]}
2025-05-17 17:16:11.097 DEBUG (MainThread) [custom_components.uk_bin_collection] [UKBinCollection] process_bin_data called with data={'bins': [{'type': 'Blue Bin - Paper', 'collectionDate': '22/05/2025'}, {'type': 'Black Bin - Glass, Cans, Plastic', 'collectionDate': '22/05/2025'}, {'type': 'Grey Bin - Non Recyclable', 'collectionDate': '29/05/2025'}, {'type': 'Black Bin - Glass, Cans, Plastic', 'collectionDate': '29/05/2025'}, {'type': 'Blue Bin - Paper', 'collectionDate': '05/06/2025'}, {'type': 'Black Bin - Glass, Cans, Plastic', 'collectionDate': '05/06/2025'}, {'type': 'Grey Bin - Non Recyclable', 'collectionDate': '12/06/2025'}, {'type': 'Black Bin - Glass, Cans, Plastic', 'collectionDate': '12/06/2025'}, {'type': 'Blue Bin - Paper', 'collectionDate': '19/06/2025'}, {'type': 'Black Bin - Glass, Cans, Plastic', 'collectionDate': '19/06/2025'}, {'type': 'Grey Bin - Non Recyclable', 'collectionDate': '26/06/2025'}, {'type': 'Black Bin - Glass, Cans, Plastic', 'collectionDate': '26/06/2025'}, {'type': 'Blue Bin - Paper', 'collectionDate': '03/07/2025'}, {'type': 'Black Bin - Glass, Cans, Plastic', 'collectionDate': '03/07/2025'}, {'type': 'Grey Bin - Non Recyclable', 'collectionDate': '10/07/2025'}, {'type': 'Black Bin - Glass, Cans, Plastic', 'collectionDate': '10/07/2025'}]}
2025-05-17 17:16:11.097 DEBUG (MainThread) [custom_components.uk_bin_collection] [UKBinCollection] Bins found: [{'type': 'Blue Bin - Paper', 'collectionDate': '22/05/2025'}, {'type': 'Black Bin - Glass, Cans, Plastic', 'collectionDate': '22/05/2025'}, {'type': 'Grey Bin - Non Recyclable', 'collectionDate': '29/05/2025'}, {'type': 'Black Bin - Glass, Cans, Plastic', 'collectionDate': '29/05/2025'}, {'type': 'Blue Bin - Paper', 'collectionDate': '05/06/2025'}, {'type': 'Black Bin - Glass, Cans, Plastic', 'collectionDate': '05/06/2025'}, {'type': 'Grey Bin - Non Recyclable', 'collectionDate': '12/06/2025'}, {'type': 'Black Bin - Glass, Cans, Plastic', 'collectionDate': '12/06/2025'}, {'type': 'Blue Bin - Paper', 'collectionDate': '19/06/2025'}, {'type': 'Black Bin - Glass, Cans, Plastic', 'collectionDate': '19/06/2025'}, {'type': 'Grey Bin - Non Recyclable', 'collectionDate': '26/06/2025'}, {'type': 'Black Bin - Glass, Cans, Plastic', 'collectionDate': '26/06/2025'}, {'type': 'Blue Bin - Paper', 'collectionDate': '03/07/2025'}, {'type': 'Black Bin - Glass, Cans, Plastic', 'collectionDate': '03/07/2025'}, {'type': 'Grey Bin - Non Recyclable', 'collectionDate': '10/07/2025'}, {'type': 'Black Bin - Glass, Cans, Plastic', 'collectionDate': '10/07/2025'}]
2025-05-17 17:16:11.097 DEBUG (MainThread) [custom_components.uk_bin_collection] [UKBinCollection] Processing bin_data={'type': 'Blue Bin - Paper', 'collectionDate': '22/05/2025'}
2025-05-17 17:16:11.097 DEBUG (MainThread) [custom_components.uk_bin_collection] [UKBinCollection] Updated next collection for 'Blue Bin - Paper' to 2025-05-22
2025-05-17 17:16:11.097 DEBUG (MainThread) [custom_components.uk_bin_collection] [UKBinCollection] Processing bin_data={'type': 'Black Bin - Glass, Cans, Plastic', 'collectionDate': '22/05/2025'}
2025-05-17 17:16:11.097 DEBUG (MainThread) [custom_components.uk_bin_collection] [UKBinCollection] Updated next collection for 'Black Bin - Glass, Cans, Plastic' to 2025-05-22
2025-05-17 17:16:11.097 DEBUG (MainThread) [custom_components.uk_bin_collection] [UKBinCollection] Processing bin_data={'type': 'Grey Bin - Non Recyclable', 'collectionDate': '29/05/2025'}
2025-05-17 17:16:11.097 DEBUG (MainThread) [custom_components.uk_bin_collection] [UKBinCollection] Updated next collection for 'Grey Bin - Non Recyclable' to 2025-05-29
2025-05-17 17:16:11.097 DEBUG (MainThread) [custom_components.uk_bin_collection] [UKBinCollection] Processing bin_data={'type': 'Black Bin - Glass, Cans, Plastic', 'collectionDate': '29/05/2025'}
2025-05-17 17:16:11.098 DEBUG (MainThread) [custom_components.uk_bin_collection] [UKBinCollection] Processing bin_data={'type': 'Blue Bin - Paper', 'collectionDate': '05/06/2025'}
2025-05-17 17:16:11.098 DEBUG (MainThread) [custom_components.uk_bin_collection] [UKBinCollection] Processing bin_data={'type': 'Black Bin - Glass, Cans, Plastic', 'collectionDate': '05/06/2025'}
2025-05-17 17:16:11.098 DEBUG (MainThread) [custom_components.uk_bin_collection] [UKBinCollection] Processing bin_data={'type': 'Grey Bin - Non Recyclable', 'collectionDate': '12/06/2025'}
2025-05-17 17:16:11.098 DEBUG (MainThread) [custom_components.uk_bin_collection] [UKBinCollection] Processing bin_data={'type': 'Black Bin - Glass, Cans, Plastic', 'collectionDate': '12/06/2025'}
2025-05-17 17:16:11.098 DEBUG (MainThread) [custom_components.uk_bin_collection] [UKBinCollection] Processing bin_data={'type': 'Blue Bin - Paper', 'collectionDate': '19/06/2025'}
2025-05-17 17:16:11.098 DEBUG (MainThread) [custom_components.uk_bin_collection] [UKBinCollection] Processing bin_data={'type': 'Black Bin - Glass, Cans, Plastic', 'collectionDate': '19/06/2025'}
2025-05-17 17:16:11.098 DEBUG (MainThread) [custom_components.uk_bin_collection] [UKBinCollection] Processing bin_data={'type': 'Grey Bin - Non Recyclable', 'collectionDate': '26/06/2025'}
2025-05-17 17:16:11.098 DEBUG (MainThread) [custom_components.uk_bin_collection] [UKBinCollection] Processing bin_data={'type': 'Black Bin - Glass, Cans, Plastic', 'collectionDate': '26/06/2025'}
2025-05-17 17:16:11.098 DEBUG (MainThread) [custom_components.uk_bin_collection] [UKBinCollection] Processing bin_data={'type': 'Blue Bin - Paper', 'collectionDate': '03/07/2025'}
2025-05-17 17:16:11.098 DEBUG (MainThread) [custom_components.uk_bin_collection] [UKBinCollection] Processing bin_data={'type': 'Black Bin - Glass, Cans, Plastic', 'collectionDate': '03/07/2025'}
2025-05-17 17:16:11.098 DEBUG (MainThread) [custom_components.uk_bin_collection] [UKBinCollection] Processing bin_data={'type': 'Grey Bin - Non Recyclable', 'collectionDate': '10/07/2025'}
2025-05-17 17:16:11.098 DEBUG (MainThread) [custom_components.uk_bin_collection] [UKBinCollection] Processing bin_data={'type': 'Black Bin - Glass, Cans, Plastic', 'collectionDate': '10/07/2025'}
2025-05-17 17:16:11.098 DEBUG (MainThread) [custom_components.uk_bin_collection] [UKBinCollection] Final next_collection_dates={'Blue Bin - Paper': datetime.date(2025, 5, 22), 'Black Bin - Glass, Cans, Plastic': datetime.date(2025, 5, 22), 'Grey Bin - Non Recyclable': datetime.date(2025, 5, 29)}
2025-05-17 17:16:11.098 DEBUG (MainThread) [custom_components.uk_bin_collection] [UKBinCollection] Processed data: {'Blue Bin - Paper': datetime.date(2025, 5, 22), 'Black Bin - Glass, Cans, Plastic': datetime.date(2025, 5, 22), 'Grey Bin - Non Recyclable': datetime.date(2025, 5, 29)}
2025-05-17 17:16:11.098 INFO (MainThread) [custom_components.uk_bin_collection] [UKBinCollection] Bin collection data updated successfully.
2025-05-17 17:16:11.098 DEBUG (MainThread) [custom_components.uk_bin_collection] Finished fetching Clack input-new.json data in 0.443 seconds (success: True)
2025-05-17 17:16:11.100 DEBUG (MainThread) [custom_components.uk_bin_collection.calendar] [UKBinCollection] Calendar entities added: ['Clack input-new.json Blue Bin - Paper Calendar', 'Clack input-new.json Black Bin - Glass, Cans, Plastic Calendar', 'Clack input-new.json Grey Bin - Non Recyclable Calendar']
2025-05-17 17:16:11.100 INFO (MainThread) [custom_components.uk_bin_collection] [UKBinCollection] async_setup_entry finished for entry_id=01JVFD386ZH9X28QBWFXT5ANC8
2025-05-17 17:16:11.155 DEBUG (MainThread) [custom_components.uk_bin_collection] [UKBinCollection] Raw data fetched from ukbcd.run(): {
    "bins": [
        {
            "type": "Blue Bin - Paper",
            "collectionDate": "22/05/2025"
        },
        {
            "type": "Black Bin - Glass, Cans, Plastic",
            "collectionDate": "22/05/2025"
        },
        {
            "type": "Grey Bin - Non Recyclable",
            "collectionDate": "29/05/2025"
        },
        {
            "type": "Black Bin - Glass, Cans, Plastic",
            "collectionDate": "29/05/2025"
        },
        {
            "type": "Blue Bin - Paper",
            "collectionDate": "05/06/2025"
        },
        {
            "type": "Black Bin - Glass, Cans, Plastic",
            "collectionDate": "05/06/2025"
        },
        {
            "type": "Grey Bin - Non Recyclable",
            "collectionDate": "12/06/2025"
        },
        {
            "type": "Black Bin - Glass, Cans, Plastic",
            "collectionDate": "12/06/2025"
        },
        {
            "type": "Blue Bin - Paper",
            "collectionDate": "19/06/2025"
        },
        {
            "type": "Black Bin - Glass, Cans, Plastic",
            "collectionDate": "19/06/2025"
        },
        {
            "type": "Grey Bin - Non Recyclable",
            "collectionDate": "26/06/2025"
        },
        {
            "type": "Black Bin - Glass, Cans, Plastic",
            "collectionDate": "26/06/2025"
        },
        {
            "type": "Blue Bin - Paper",
            "collectionDate": "03/07/2025"
        },
        {
            "type": "Black Bin - Glass, Cans, Plastic",
            "collectionDate": "03/07/2025"
        },
        {
            "type": "Grey Bin - Non Recyclable",
            "collectionDate": "10/07/2025"
        },
        {
            "type": "Black Bin - Glass, Cans, Plastic",
            "collectionDate": "10/07/2025"
        }
    ]
}
2025-05-17 17:16:11.155 DEBUG (MainThread) [custom_components.uk_bin_collection] [UKBinCollection] JSON parsed data: {'bins': [{'type': 'Blue Bin - Paper', 'collectionDate': '22/05/2025'}, {'type': 'Black Bin - Glass, Cans, Plastic', 'collectionDate': '22/05/2025'}, {'type': 'Grey Bin - Non Recyclable', 'collectionDate': '29/05/2025'}, {'type': 'Black Bin - Glass, Cans, Plastic', 'collectionDate': '29/05/2025'}, {'type': 'Blue Bin - Paper', 'collectionDate': '05/06/2025'}, {'type': 'Black Bin - Glass, Cans, Plastic', 'collectionDate': '05/06/2025'}, {'type': 'Grey Bin - Non Recyclable', 'collectionDate': '12/06/2025'}, {'type': 'Black Bin - Glass, Cans, Plastic', 'collectionDate': '12/06/2025'}, {'type': 'Blue Bin - Paper', 'collectionDate': '19/06/2025'}, {'type': 'Black Bin - Glass, Cans, Plastic', 'collectionDate': '19/06/2025'}, {'type': 'Grey Bin - Non Recyclable', 'collectionDate': '26/06/2025'}, {'type': 'Black Bin - Glass, Cans, Plastic', 'collectionDate': '26/06/2025'}, {'type': 'Blue Bin - Paper', 'collectionDate': '03/07/2025'}, {'type': 'Black Bin - Glass, Cans, Plastic', 'collectionDate': '03/07/2025'}, {'type': 'Grey Bin - Non Recyclable', 'collectionDate': '10/07/2025'}, {'type': 'Black Bin - Glass, Cans, Plastic', 'collectionDate': '10/07/2025'}]}
2025-05-17 17:16:11.155 DEBUG (MainThread) [custom_components.uk_bin_collection] [UKBinCollection] process_bin_data called with data={'bins': [{'type': 'Blue Bin - Paper', 'collectionDate': '22/05/2025'}, {'type': 'Black Bin - Glass, Cans, Plastic', 'collectionDate': '22/05/2025'}, {'type': 'Grey Bin - Non Recyclable', 'collectionDate': '29/05/2025'}, {'type': 'Black Bin - Glass, Cans, Plastic', 'collectionDate': '29/05/2025'}, {'type': 'Blue Bin - Paper', 'collectionDate': '05/06/2025'}, {'type': 'Black Bin - Glass, Cans, Plastic', 'collectionDate': '05/06/2025'}, {'type': 'Grey Bin - Non Recyclable', 'collectionDate': '12/06/2025'}, {'type': 'Black Bin - Glass, Cans, Plastic', 'collectionDate': '12/06/2025'}, {'type': 'Blue Bin - Paper', 'collectionDate': '19/06/2025'}, {'type': 'Black Bin - Glass, Cans, Plastic', 'collectionDate': '19/06/2025'}, {'type': 'Grey Bin - Non Recyclable', 'collectionDate': '26/06/2025'}, {'type': 'Black Bin - Glass, Cans, Plastic', 'collectionDate': '26/06/2025'}, {'type': 'Blue Bin - Paper', 'collectionDate': '03/07/2025'}, {'type': 'Black Bin - Glass, Cans, Plastic', 'collectionDate': '03/07/2025'}, {'type': 'Grey Bin - Non Recyclable', 'collectionDate': '10/07/2025'}, {'type': 'Black Bin - Glass, Cans, Plastic', 'collectionDate': '10/07/2025'}]}
2025-05-17 17:16:11.155 DEBUG (MainThread) [custom_components.uk_bin_collection] [UKBinCollection] Bins found: [{'type': 'Blue Bin - Paper', 'collectionDate': '22/05/2025'}, {'type': 'Black Bin - Glass, Cans, Plastic', 'collectionDate': '22/05/2025'}, {'type': 'Grey Bin - Non Recyclable', 'collectionDate': '29/05/2025'}, {'type': 'Black Bin - Glass, Cans, Plastic', 'collectionDate': '29/05/2025'}, {'type': 'Blue Bin - Paper', 'collectionDate': '05/06/2025'}, {'type': 'Black Bin - Glass, Cans, Plastic', 'collectionDate': '05/06/2025'}, {'type': 'Grey Bin - Non Recyclable', 'collectionDate': '12/06/2025'}, {'type': 'Black Bin - Glass, Cans, Plastic', 'collectionDate': '12/06/2025'}, {'type': 'Blue Bin - Paper', 'collectionDate': '19/06/2025'}, {'type': 'Black Bin - Glass, Cans, Plastic', 'collectionDate': '19/06/2025'}, {'type': 'Grey Bin - Non Recyclable', 'collectionDate': '26/06/2025'}, {'type': 'Black Bin - Glass, Cans, Plastic', 'collectionDate': '26/06/2025'}, {'type': 'Blue Bin - Paper', 'collectionDate': '03/07/2025'}, {'type': 'Black Bin - Glass, Cans, Plastic', 'collectionDate': '03/07/2025'}, {'type': 'Grey Bin - Non Recyclable', 'collectionDate': '10/07/2025'}, {'type': 'Black Bin - Glass, Cans, Plastic', 'collectionDate': '10/07/2025'}]
2025-05-17 17:16:11.155 DEBUG (MainThread) [custom_components.uk_bin_collection] [UKBinCollection] Processing bin_data={'type': 'Blue Bin - Paper', 'collectionDate': '22/05/2025'}
2025-05-17 17:16:11.155 DEBUG (MainThread) [custom_components.uk_bin_collection] [UKBinCollection] Updated next collection for 'Blue Bin - Paper' to 2025-05-22
2025-05-17 17:16:11.155 DEBUG (MainThread) [custom_components.uk_bin_collection] [UKBinCollection] Processing bin_data={'type': 'Black Bin - Glass, Cans, Plastic', 'collectionDate': '22/05/2025'}
2025-05-17 17:16:11.155 DEBUG (MainThread) [custom_components.uk_bin_collection] [UKBinCollection] Updated next collection for 'Black Bin - Glass, Cans, Plastic' to 2025-05-22
2025-05-17 17:16:11.155 DEBUG (MainThread) [custom_components.uk_bin_collection] [UKBinCollection] Processing bin_data={'type': 'Grey Bin - Non Recyclable', 'collectionDate': '29/05/2025'}
2025-05-17 17:16:11.155 DEBUG (MainThread) [custom_components.uk_bin_collection] [UKBinCollection] Updated next collection for 'Grey Bin - Non Recyclable' to 2025-05-29
2025-05-17 17:16:11.155 DEBUG (MainThread) [custom_components.uk_bin_collection] [UKBinCollection] Processing bin_data={'type': 'Black Bin - Glass, Cans, Plastic', 'collectionDate': '29/05/2025'}
2025-05-17 17:16:11.155 DEBUG (MainThread) [custom_components.uk_bin_collection] [UKBinCollection] Processing bin_data={'type': 'Blue Bin - Paper', 'collectionDate': '05/06/2025'}
2025-05-17 17:16:11.155 DEBUG (MainThread) [custom_components.uk_bin_collection] [UKBinCollection] Processing bin_data={'type': 'Black Bin - Glass, Cans, Plastic', 'collectionDate': '05/06/2025'}
2025-05-17 17:16:11.155 DEBUG (MainThread) [custom_components.uk_bin_collection] [UKBinCollection] Processing bin_data={'type': 'Grey Bin - Non Recyclable', 'collectionDate': '12/06/2025'}
2025-05-17 17:16:11.156 DEBUG (MainThread) [custom_components.uk_bin_collection] [UKBinCollection] Processing bin_data={'type': 'Black Bin - Glass, Cans, Plastic', 'collectionDate': '12/06/2025'}
2025-05-17 17:16:11.156 DEBUG (MainThread) [custom_components.uk_bin_collection] [UKBinCollection] Processing bin_data={'type': 'Blue Bin - Paper', 'collectionDate': '19/06/2025'}
2025-05-17 17:16:11.156 DEBUG (MainThread) [custom_components.uk_bin_collection] [UKBinCollection] Processing bin_data={'type': 'Black Bin - Glass, Cans, Plastic', 'collectionDate': '19/06/2025'}
2025-05-17 17:16:11.156 DEBUG (MainThread) [custom_components.uk_bin_collection] [UKBinCollection] Processing bin_data={'type': 'Grey Bin - Non Recyclable', 'collectionDate': '26/06/2025'}
2025-05-17 17:16:11.156 DEBUG (MainThread) [custom_components.uk_bin_collection] [UKBinCollection] Processing bin_data={'type': 'Black Bin - Glass, Cans, Plastic', 'collectionDate': '26/06/2025'}
2025-05-17 17:16:11.156 DEBUG (MainThread) [custom_components.uk_bin_collection] [UKBinCollection] Processing bin_data={'type': 'Blue Bin - Paper', 'collectionDate': '03/07/2025'}
2025-05-17 17:16:11.156 DEBUG (MainThread) [custom_components.uk_bin_collection] [UKBinCollection] Processing bin_data={'type': 'Black Bin - Glass, Cans, Plastic', 'collectionDate': '03/07/2025'}
2025-05-17 17:16:11.156 DEBUG (MainThread) [custom_components.uk_bin_collection] [UKBinCollection] Processing bin_data={'type': 'Grey Bin - Non Recyclable', 'collectionDate': '10/07/2025'}
2025-05-17 17:16:11.156 DEBUG (MainThread) [custom_components.uk_bin_collection] [UKBinCollection] Processing bin_data={'type': 'Black Bin - Glass, Cans, Plastic', 'collectionDate': '10/07/2025'}
2025-05-17 17:16:11.156 DEBUG (MainThread) [custom_components.uk_bin_collection] [UKBinCollection] Final next_collection_dates={'Blue Bin - Paper': datetime.date(2025, 5, 22), 'Black Bin - Glass, Cans, Plastic': datetime.date(2025, 5, 22), 'Grey Bin - Non Recyclable': datetime.date(2025, 5, 29)}
2025-05-17 17:16:11.156 DEBUG (MainThread) [custom_components.uk_bin_collection] [UKBinCollection] Processed data: {'Blue Bin - Paper': datetime.date(2025, 5, 22), 'Black Bin - Glass, Cans, Plastic': datetime.date(2025, 5, 22), 'Grey Bin - Non Recyclable': datetime.date(2025, 5, 29)}
2025-05-17 17:16:11.156 INFO (MainThread) [custom_components.uk_bin_collection] [UKBinCollection] Bin collection data updated successfully.
2025-05-17 17:16:11.156 DEBUG (MainThread) [custom_components.uk_bin_collection] Finished fetching Clack input-cleaned-old.json data in 0.505 seconds (success: True)
2025-05-17 17:16:11.157 DEBUG (MainThread) [custom_components.uk_bin_collection.calendar] [UKBinCollection] Calendar entities added: ['Clack input-cleaned-old.json Blue Bin - Paper Calendar', 'Clack input-cleaned-old.json Black Bin - Glass, Cans, Plastic Calendar', 'Clack input-cleaned-old.json Grey Bin - Non Recyclable Calendar']
2025-05-17 17:16:11.157 INFO (MainThread) [custom_components.uk_bin_collection] [UKBinCollection] async_setup_entry finished for entry_id=01JVFD0HNQBAP1N9KD57FWE2VN
2025-05-17 17:16:17.316 DEBUG (MainThread) [custom_components.uk_bin_collection] [UKBinCollection] Raw data fetched from ukbcd.run(): {
    "bins": [
        {
            "type": "Rubbish",
            "collectionDate": "23/05/2025"
        },
        {
            "type": "Recycling",
            "collectionDate": "30/05/2025"
        },
        {
            "type": "Garden Waste",
            "collectionDate": "30/05/2025"
        }
    ]
}
2025-05-17 17:16:17.316 DEBUG (MainThread) [custom_components.uk_bin_collection] [UKBinCollection] JSON parsed data: {'bins': [{'type': 'Rubbish', 'collectionDate': '23/05/2025'}, {'type': 'Recycling', 'collectionDate': '30/05/2025'}, {'type': 'Garden Waste', 'collectionDate': '30/05/2025'}]}
2025-05-17 17:16:17.316 DEBUG (MainThread) [custom_components.uk_bin_collection] [UKBinCollection] process_bin_data called with data={'bins': [{'type': 'Rubbish', 'collectionDate': '23/05/2025'}, {'type': 'Recycling', 'collectionDate': '30/05/2025'}, {'type': 'Garden Waste', 'collectionDate': '30/05/2025'}]}
2025-05-17 17:16:17.316 DEBUG (MainThread) [custom_components.uk_bin_collection] [UKBinCollection] Bins found: [{'type': 'Rubbish', 'collectionDate': '23/05/2025'}, {'type': 'Recycling', 'collectionDate': '30/05/2025'}, {'type': 'Garden Waste', 'collectionDate': '30/05/2025'}]
2025-05-17 17:16:17.316 DEBUG (MainThread) [custom_components.uk_bin_collection] [UKBinCollection] Processing bin_data={'type': 'Rubbish', 'collectionDate': '23/05/2025'}
2025-05-17 17:16:17.317 DEBUG (MainThread) [custom_components.uk_bin_collection] [UKBinCollection] Updated next collection for 'Rubbish' to 2025-05-23
2025-05-17 17:16:17.317 DEBUG (MainThread) [custom_components.uk_bin_collection] [UKBinCollection] Processing bin_data={'type': 'Recycling', 'collectionDate': '30/05/2025'}
2025-05-17 17:16:17.317 DEBUG (MainThread) [custom_components.uk_bin_collection] [UKBinCollection] Updated next collection for 'Recycling' to 2025-05-30
2025-05-17 17:16:17.317 DEBUG (MainThread) [custom_components.uk_bin_collection] [UKBinCollection] Processing bin_data={'type': 'Garden Waste', 'collectionDate': '30/05/2025'}
2025-05-17 17:16:17.317 DEBUG (MainThread) [custom_components.uk_bin_collection] [UKBinCollection] Updated next collection for 'Garden Waste' to 2025-05-30
2025-05-17 17:16:17.317 DEBUG (MainThread) [custom_components.uk_bin_collection] [UKBinCollection] Final next_collection_dates={'Rubbish': datetime.date(2025, 5, 23), 'Recycling': datetime.date(2025, 5, 30), 'Garden Waste': datetime.date(2025, 5, 30)}
2025-05-17 17:16:17.317 DEBUG (MainThread) [custom_components.uk_bin_collection] [UKBinCollection] Processed data: {'Rubbish': datetime.date(2025, 5, 23), 'Recycling': datetime.date(2025, 5, 30), 'Garden Waste': datetime.date(2025, 5, 30)}
2025-05-17 17:16:17.317 INFO (MainThread) [custom_components.uk_bin_collection] [UKBinCollection] Bin collection data updated successfully.
2025-05-17 17:16:17.317 DEBUG (MainThread) [custom_components.uk_bin_collection] Finished fetching West Drive data in 7.529 seconds (success: True)
2025-05-17 17:16:17.317 INFO (MainThread) [custom_components.uk_bin_collection] [UKBinCollection] Initial data fetched successfully for entry_id=01JVFG79KJEAF8ZK1M4865DDYQ
2025-05-17 17:16:17.317 DEBUG (MainThread) [custom_components.uk_bin_collection] [UKBinCollection] Coordinator stored in hass.data under entry_id=01JVFG79KJEAF8ZK1M4865DDYQ
2025-05-17 17:16:17.317 DEBUG (MainThread) [custom_components.uk_bin_collection] [UKBinCollection] Forwarding setup to platforms: ['sensor', 'calendar']
2025-05-17 17:16:17.317 INFO (MainThread) [homeassistant.components.sensor] Setting up uk_bin_collection.sensor
2025-05-17 17:16:17.317 INFO (MainThread) [custom_components.uk_bin_collection.sensor] [UKBinCollection] Setting up UK Bin Collection Data platform.
2025-05-17 17:16:17.320 INFO (MainThread) [homeassistant.components.calendar] Setting up uk_bin_collection.calendar
2025-05-17 17:16:17.320 INFO (MainThread) [custom_components.uk_bin_collection.calendar] [UKBinCollection] Setting up UK Bin Collection Calendar platform.
2025-05-17 17:16:17.320 DEBUG (MainThread) [custom_components.uk_bin_collection] [UKBinCollection] _async_update_data called.
2025-05-17 17:16:17.320 INFO (MainThread) [custom_components.uk_bin_collection] [UKBinCollection] Fetching latest bin collection data with timeout=999
2025-05-17 17:16:21.740 DEBUG (MainThread) [custom_components.uk_bin_collection.options_flow] Options flow initialised with council: BrightonandHoveCityCouncil, original_parser: None
2025-05-17 17:16:22.040 DEBUG (MainThread) [custom_components.uk_bin_collection.utils] Detected new format JSON (placeholder_input.json style)
2025-05-17 17:16:22.040 DEBUG (MainThread) [custom_components.uk_bin_collection.utils] Loaded 336 councils
2025-05-17 17:16:22.043 DEBUG (MainThread) [custom_components.uk_bin_collection.initialisation] Fetching property info for coordinates: (50.8257699, -0.1263525)
2025-05-17 17:16:22.376 DEBUG (MainThread) [custom_components.uk_bin_collection.property_info] Retrieved property info - Street: West Drive, Ward: Queen's Park, Postcode: BN2 0QU, LAD24CD: E06000043, Town: Brighton
2025-05-17 17:16:22.377 INFO (MainThread) [custom_components.uk_bin_collection.initialisation] Detected council: Brighton and Hove for LAD24CD: E06000043
2025-05-17 17:16:22.377 DEBUG (MainThread) [custom_components.uk_bin_collection.initialisation] Checking Selenium servers: ['http://localhost:4444/', 'http://selenium:4444/']
2025-05-17 17:16:22.386 DEBUG (MainThread) [custom_components.uk_bin_collection.initialisation] Selenium server http://localhost:4444/ is available
2025-05-17 17:16:22.446 DEBUG (MainThread) [custom_components.uk_bin_collection.initialisation] Selenium server http://selenium:4444/ is unavailable
2025-05-17 17:16:22.447 DEBUG (MainThread) [custom_components.uk_bin_collection.options_flow] Looking up council for: council=BrightonandHoveCityCouncil, original_parser=
2025-05-17 17:16:22.447 DEBUG (MainThread) [custom_components.uk_bin_collection.options_flow] Found council by exact match: Brighton and Hove
2025-05-17 17:16:22.447 DEBUG (MainThread) [custom_components.uk_bin_collection.options_flow] Using Brighton and Hove as the selected council
2025-05-17 17:16:23.421 DEBUG (MainThread) [custom_components.uk_bin_collection.options_flow] Looking up council for: council=BrightonandHoveCityCouncil, original_parser=
2025-05-17 17:16:23.421 DEBUG (MainThread) [custom_components.uk_bin_collection.options_flow] Found council by exact match: Brighton and Hove
2025-05-17 17:16:23.421 DEBUG (MainThread) [custom_components.uk_bin_collection.options_flow] Using Brighton and Hove as the selected council
2025-05-17 17:16:23.421 DEBUG (MainThread) [custom_components.uk_bin_collection.utils] Building council schema for BrightonandHoveCityCouncil with fields: ['postcode', 'house_number']
2025-05-17 17:16:24.482 DEBUG (MainThread) [custom_components.uk_bin_collection] [UKBinCollection] Raw data fetched from ukbcd.run(): {
    "bins": [
        {
            "type": "Rubbish",
            "collectionDate": "23/05/2025"
        },
        {
            "type": "Recycling",
            "collectionDate": "30/05/2025"
        },
        {
            "type": "Garden Waste",
            "collectionDate": "30/05/2025"
        }
    ]
}
2025-05-17 17:16:24.482 DEBUG (MainThread) [custom_components.uk_bin_collection] [UKBinCollection] JSON parsed data: {'bins': [{'type': 'Rubbish', 'collectionDate': '23/05/2025'}, {'type': 'Recycling', 'collectionDate': '30/05/2025'}, {'type': 'Garden Waste', 'collectionDate': '30/05/2025'}]}
2025-05-17 17:16:24.482 DEBUG (MainThread) [custom_components.uk_bin_collection] [UKBinCollection] process_bin_data called with data={'bins': [{'type': 'Rubbish', 'collectionDate': '23/05/2025'}, {'type': 'Recycling', 'collectionDate': '30/05/2025'}, {'type': 'Garden Waste', 'collectionDate': '30/05/2025'}]}
2025-05-17 17:16:24.483 DEBUG (MainThread) [custom_components.uk_bin_collection] [UKBinCollection] Bins found: [{'type': 'Rubbish', 'collectionDate': '23/05/2025'}, {'type': 'Recycling', 'collectionDate': '30/05/2025'}, {'type': 'Garden Waste', 'collectionDate': '30/05/2025'}]
2025-05-17 17:16:24.483 DEBUG (MainThread) [custom_components.uk_bin_collection] [UKBinCollection] Processing bin_data={'type': 'Rubbish', 'collectionDate': '23/05/2025'}
2025-05-17 17:16:24.483 DEBUG (MainThread) [custom_components.uk_bin_collection] [UKBinCollection] Updated next collection for 'Rubbish' to 2025-05-23
2025-05-17 17:16:24.483 DEBUG (MainThread) [custom_components.uk_bin_collection] [UKBinCollection] Processing bin_data={'type': 'Recycling', 'collectionDate': '30/05/2025'}
2025-05-17 17:16:24.483 DEBUG (MainThread) [custom_components.uk_bin_collection] [UKBinCollection] Updated next collection for 'Recycling' to 2025-05-30
2025-05-17 17:16:24.483 DEBUG (MainThread) [custom_components.uk_bin_collection] [UKBinCollection] Processing bin_data={'type': 'Garden Waste', 'collectionDate': '30/05/2025'}
2025-05-17 17:16:24.483 DEBUG (MainThread) [custom_components.uk_bin_collection] [UKBinCollection] Updated next collection for 'Garden Waste' to 2025-05-30
2025-05-17 17:16:24.483 DEBUG (MainThread) [custom_components.uk_bin_collection] [UKBinCollection] Final next_collection_dates={'Rubbish': datetime.date(2025, 5, 23), 'Recycling': datetime.date(2025, 5, 30), 'Garden Waste': datetime.date(2025, 5, 30)}
2025-05-17 17:16:24.483 DEBUG (MainThread) [custom_components.uk_bin_collection] [UKBinCollection] Processed data: {'Rubbish': datetime.date(2025, 5, 23), 'Recycling': datetime.date(2025, 5, 30), 'Garden Waste': datetime.date(2025, 5, 30)}
2025-05-17 17:16:24.483 INFO (MainThread) [custom_components.uk_bin_collection] [UKBinCollection] Bin collection data updated successfully.
2025-05-17 17:16:24.483 DEBUG (MainThread) [custom_components.uk_bin_collection] Finished fetching West Drive data in 7.163 seconds (success: True)
2025-05-17 17:16:24.485 DEBUG (MainThread) [custom_components.uk_bin_collection.calendar] [UKBinCollection] Calendar entities added: ['West Drive Rubbish Calendar', 'West Drive Recycling Calendar', 'West Drive Garden Waste Calendar']
2025-05-17 17:16:24.486 INFO (MainThread) [custom_components.uk_bin_collection] [UKBinCollection] async_setup_entry finished for entry_id=01JVFG79KJEAF8ZK1M4865DDYQ
2025-05-17 17:16:24.488 INFO (MainThread) [homeassistant.bootstrap] Home Assistant initialized in 16.07s
2025-05-17 17:16:24.489 INFO (MainThread) [homeassistant.core] Starting Home Assistant
2025-05-17 17:16:24.505 INFO (SyncWorker_3) [homeassistant.loader] Loaded apple_tv from homeassistant.components.apple_tv
2025-05-17 17:16:24.505 INFO (SyncWorker_4) [homeassistant.loader] Loaded sonos from homeassistant.components.sonos
2025-05-17 17:16:24.505 INFO (SyncWorker_2) [homeassistant.loader] Loaded cast from homeassistant.components.cast
2025-05-17 17:16:24.505 INFO (SyncWorker_5) [homeassistant.loader] Loaded synology_dsm from homeassistant.components.synology_dsm
2025-05-17 17:16:25.009 INFO (SyncWorker_0) [homeassistant.loader] Loaded androidtv_remote from homeassistant.components.androidtv_remote
2025-05-17 17:16:25.070 INFO (SyncWorker_3) [homeassistant.loader] Loaded spotify from homeassistant.components.spotify
2025-05-17 17:16:25.083 INFO (SyncWorker_2) [homeassistant.loader] Loaded brother from homeassistant.components.brother
2025-05-17 17:16:25.083 INFO (SyncWorker_1) [homeassistant.loader] Loaded thread from homeassistant.components.thread
2025-05-17 17:16:25.084 INFO (SyncWorker_5) [homeassistant.loader] Loaded ipp from homeassistant.components.ipp
2025-05-17 17:16:28.743 DEBUG (MainThread) [custom_components.uk_bin_collection.utils] Selected Selenium URL http://localhost:4444/ is accessible
2025-05-17 17:16:35.675 INFO (SyncWorker_2) [homeassistant.loader] Loaded tuya from homeassistant.components.tuya
2025-05-17 17:16:35.675 INFO (SyncWorker_5) [homeassistant.loader] Loaded nest from homeassistant.components.nest
2025-05-17 17:16:35.675 INFO (SyncWorker_1) [homeassistant.loader] Loaded unifiprotect from homeassistant.components.unifiprotect
